ERROR - 2022-09-20 00:01:53 --> Unknown column 'idprodi' in 'where clause'
CRITICAL - 2022-09-20 00:01:53 --> Unknown column 'idprodi' in 'where clause'
in SYSTEMPATH/Database/MySQLi/Connection.php on line 292.
 1 SYSTEMPATH/Database/MySQLi/Connection.php(292): mysqli->query()
 2 SYSTEMPATH/Database/BaseConnection.php(695): CodeIgniter\Database\MySQLi\Connection->execute()
 3 SYSTEMPATH/Database/BaseConnection.php(609): CodeIgniter\Database\BaseConnection->simpleQuery()
 4 SYSTEMPATH/Database/BaseBuilder.php(1585): CodeIgniter\Database\BaseConnection->query()
 5 APPPATH/Controllers/Admin/Kelas.php(69): CodeIgniter\Database\BaseBuilder->get()
 6 SYSTEMPATH/CodeIgniter.php(896): App\Controllers\Admin\Kelas->getsmsh()
 7 SYSTEMPATH/CodeIgniter.php(466): CodeIgniter\CodeIgniter->runController()
 8 SYSTEMPATH/CodeIgniter.php(349): CodeIgniter\CodeIgniter->handleRequest()
 9 FCPATH/index.php(55): CodeIgniter\CodeIgniter->run()
10 SYSTEMPATH/Commands/Server/rewrite.php(43): require_once('FCPATH/index.php')
ERROR - 2022-09-20 00:01:59 --> Unknown column 'idprodi' in 'where clause'
CRITICAL - 2022-09-20 00:01:59 --> Unknown column 'idprodi' in 'where clause'
in SYSTEMPATH/Database/MySQLi/Connection.php on line 292.
 1 SYSTEMPATH/Database/MySQLi/Connection.php(292): mysqli->query()
 2 SYSTEMPATH/Database/BaseConnection.php(695): CodeIgniter\Database\MySQLi\Connection->execute()
 3 SYSTEMPATH/Database/BaseConnection.php(609): CodeIgniter\Database\BaseConnection->simpleQuery()
 4 SYSTEMPATH/Database/BaseBuilder.php(1585): CodeIgniter\Database\BaseConnection->query()
 5 APPPATH/Controllers/Admin/Kelas.php(69): CodeIgniter\Database\BaseBuilder->get()
 6 SYSTEMPATH/CodeIgniter.php(896): App\Controllers\Admin\Kelas->getsmsh()
 7 SYSTEMPATH/CodeIgniter.php(466): CodeIgniter\CodeIgniter->runController()
 8 SYSTEMPATH/CodeIgniter.php(349): CodeIgniter\CodeIgniter->handleRequest()
 9 FCPATH/index.php(55): CodeIgniter\CodeIgniter->run()
10 SYSTEMPATH/Commands/Server/rewrite.php(43): require_once('FCPATH/index.php')
ERROR - 2022-09-20 00:02:14 --> Unknown column 'idprodi' in 'where clause'
CRITICAL - 2022-09-20 00:02:14 --> Unknown column 'idprodi' in 'where clause'
in SYSTEMPATH/Database/MySQLi/Connection.php on line 292.
 1 SYSTEMPATH/Database/MySQLi/Connection.php(292): mysqli->query()
 2 SYSTEMPATH/Database/BaseConnection.php(695): CodeIgniter\Database\MySQLi\Connection->execute()
 3 SYSTEMPATH/Database/BaseConnection.php(609): CodeIgniter\Database\BaseConnection->simpleQuery()
 4 SYSTEMPATH/Database/BaseBuilder.php(1585): CodeIgniter\Database\BaseConnection->query()
 5 APPPATH/Controllers/Admin/Kelas.php(69): CodeIgniter\Database\BaseBuilder->get()
 6 SYSTEMPATH/CodeIgniter.php(896): App\Controllers\Admin\Kelas->getsmsh()
 7 SYSTEMPATH/CodeIgniter.php(466): CodeIgniter\CodeIgniter->runController()
 8 SYSTEMPATH/CodeIgniter.php(349): CodeIgniter\CodeIgniter->handleRequest()
 9 FCPATH/index.php(55): CodeIgniter\CodeIgniter->run()
10 SYSTEMPATH/Commands/Server/rewrite.php(43): require_once('FCPATH/index.php')
ERROR - 2022-09-20 00:40:18 --> Unknown column 'thn_ajaran' in 'field list'
CRITICAL - 2022-09-20 00:40:18 --> Unknown column 'thn_ajaran' in 'field list'
in SYSTEMPATH/Database/MySQLi/Connection.php on line 292.
 1 SYSTEMPATH/Database/MySQLi/Connection.php(292): mysqli->query()
 2 SYSTEMPATH/Database/BaseConnection.php(695): CodeIgniter\Database\MySQLi\Connection->execute()
 3 SYSTEMPATH/Database/BaseConnection.php(609): CodeIgniter\Database\BaseConnection->simpleQuery()
 4 SYSTEMPATH/Database/BaseBuilder.php(1904): CodeIgniter\Database\BaseConnection->query()
 5 APPPATH/Controllers/Admin/Kelas.php(106): CodeIgniter\Database\BaseBuilder->insert()
 6 SYSTEMPATH/CodeIgniter.php(896): App\Controllers\Admin\Kelas->savekelas()
 7 SYSTEMPATH/CodeIgniter.php(466): CodeIgniter\CodeIgniter->runController()
 8 SYSTEMPATH/CodeIgniter.php(349): CodeIgniter\CodeIgniter->handleRequest()
 9 FCPATH/index.php(55): CodeIgniter\CodeIgniter->run()
10 SYSTEMPATH/Commands/Server/rewrite.php(43): require_once('FCPATH/index.php')
ERROR - 2022-09-20 00:40:28 --> Unknown column 'th_ajaran' in 'field list'
CRITICAL - 2022-09-20 00:40:28 --> Unknown column 'th_ajaran' in 'field list'
in SYSTEMPATH/Database/MySQLi/Connection.php on line 292.
 1 SYSTEMPATH/Database/MySQLi/Connection.php(292): mysqli->query()
 2 SYSTEMPATH/Database/BaseConnection.php(695): CodeIgniter\Database\MySQLi\Connection->execute()
 3 SYSTEMPATH/Database/BaseConnection.php(609): CodeIgniter\Database\BaseConnection->simpleQuery()
 4 SYSTEMPATH/Database/BaseBuilder.php(1904): CodeIgniter\Database\BaseConnection->query()
 5 APPPATH/Controllers/Admin/Kelas.php(106): CodeIgniter\Database\BaseBuilder->insert()
 6 SYSTEMPATH/CodeIgniter.php(896): App\Controllers\Admin\Kelas->savekelas()
 7 SYSTEMPATH/CodeIgniter.php(466): CodeIgniter\CodeIgniter->runController()
 8 SYSTEMPATH/CodeIgniter.php(349): CodeIgniter\CodeIgniter->handleRequest()
 9 FCPATH/index.php(55): CodeIgniter\CodeIgniter->run()
10 SYSTEMPATH/Commands/Server/rewrite.php(43): require_once('FCPATH/index.php')
ERROR - 2022-09-20 00:40:40 --> Unknown column 'th_akademik' in 'field list'
CRITICAL - 2022-09-20 00:40:40 --> Unknown column 'th_akademik' in 'field list'
in SYSTEMPATH/Database/MySQLi/Connection.php on line 292.
 1 SYSTEMPATH/Database/MySQLi/Connection.php(292): mysqli->query()
 2 SYSTEMPATH/Database/BaseConnection.php(695): CodeIgniter\Database\MySQLi\Connection->execute()
 3 SYSTEMPATH/Database/BaseConnection.php(609): CodeIgniter\Database\BaseConnection->simpleQuery()
 4 SYSTEMPATH/Database/BaseBuilder.php(1904): CodeIgniter\Database\BaseConnection->query()
 5 APPPATH/Controllers/Admin/Kelas.php(106): CodeIgniter\Database\BaseBuilder->insert()
 6 SYSTEMPATH/CodeIgniter.php(896): App\Controllers\Admin\Kelas->savekelas()
 7 SYSTEMPATH/CodeIgniter.php(466): CodeIgniter\CodeIgniter->runController()
 8 SYSTEMPATH/CodeIgniter.php(349): CodeIgniter\CodeIgniter->handleRequest()
 9 FCPATH/index.php(55): CodeIgniter\CodeIgniter->run()
10 SYSTEMPATH/Commands/Server/rewrite.php(43): require_once('FCPATH/index.php')
CRITICAL - 2022-09-20 00:45:23 --> syntax error, unexpected token ")", expecting ";"
in APPPATH/Controllers/Admin/Kelas.php on line 109.
 1 SYSTEMPATH/Router/Router.php(499): CodeIgniter\Router\AutoRouter->getRoute()
 2 SYSTEMPATH/Router/Router.php(205): CodeIgniter\Router\Router->autoRoute()
 3 SYSTEMPATH/CodeIgniter.php(771): CodeIgniter\Router\Router->handle()
 4 SYSTEMPATH/CodeIgniter.php(415): CodeIgniter\CodeIgniter->tryToRouteIt()
 5 SYSTEMPATH/CodeIgniter.php(349): CodeIgniter\CodeIgniter->handleRequest()
 6 FCPATH/index.php(55): CodeIgniter\CodeIgniter->run()
 7 SYSTEMPATH/Commands/Server/rewrite.php(43): require_once('FCPATH/index.php')
CRITICAL - 2022-09-20 00:45:44 --> Undefined array key 4
in APPPATH/Controllers/Admin/Kelas.php on line 110.
 1 APPPATH/Controllers/Admin/Kelas.php(110): CodeIgniter\Debug\Exceptions->errorHandler()
 2 SYSTEMPATH/CodeIgniter.php(896): App\Controllers\Admin\Kelas->savekelas()
 3 SYSTEMPATH/CodeIgniter.php(466): CodeIgniter\CodeIgniter->runController()
 4 SYSTEMPATH/CodeIgniter.php(349): CodeIgniter\CodeIgniter->handleRequest()
 5 FCPATH/index.php(55): CodeIgniter\CodeIgniter->run()
 6 SYSTEMPATH/Commands/Server/rewrite.php(43): require_once('FCPATH/index.php')
CRITICAL - 2022-09-20 01:36:35 --> FPDF error: Unknown page size: f4
in VENDORPATH/fpdf/fpdf/src/Fpdf/Fpdf.php on line 273.
 1 VENDORPATH/fpdf/fpdf/src/Fpdf/Fpdf.php(1072): Fpdf\Fpdf->Error()
 2 VENDORPATH/fpdf/fpdf/src/Fpdf/Fpdf.php(1102): Fpdf\Fpdf->_getpagesize()
 3 VENDORPATH/fpdf/fpdf/src/Fpdf/Fpdf.php(316): Fpdf\Fpdf->_beginpage()
 4 APPPATH/Controllers/Admin/Penilaian.php(53): Fpdf\Fpdf->AddPage()
 5 SYSTEMPATH/CodeIgniter.php(896): App\Controllers\Admin\Penilaian->report()
 6 SYSTEMPATH/CodeIgniter.php(466): CodeIgniter\CodeIgniter->runController()
 7 SYSTEMPATH/CodeIgniter.php(349): CodeIgniter\CodeIgniter->handleRequest()
 8 FCPATH/index.php(55): CodeIgniter\CodeIgniter->run()
 9 SYSTEMPATH/Commands/Server/rewrite.php(43): require_once('FCPATH/index.php')
CRITICAL - 2022-09-20 01:51:24 --> FPDF error: Undefined font: times new roman B
in VENDORPATH/fpdf/fpdf/src/Fpdf/Fpdf.php on line 273.
 1 VENDORPATH/fpdf/fpdf/src/Fpdf/Fpdf.php(512): Fpdf\Fpdf->Error()
 2 APPPATH/Controllers/Admin/Penilaian.php(54): Fpdf\Fpdf->SetFont()
 3 SYSTEMPATH/CodeIgniter.php(896): App\Controllers\Admin\Penilaian->report()
 4 SYSTEMPATH/CodeIgniter.php(466): CodeIgniter\CodeIgniter->runController()
 5 SYSTEMPATH/CodeIgniter.php(349): CodeIgniter\CodeIgniter->handleRequest()
 6 FCPATH/index.php(55): CodeIgniter\CodeIgniter->run()
 7 SYSTEMPATH/Commands/Server/rewrite.php(43): require_once('FCPATH/index.php')
CRITICAL - 2022-09-20 01:51:31 --> FPDF error: Undefined font: times new romans B
in VENDORPATH/fpdf/fpdf/src/Fpdf/Fpdf.php on line 273.
 1 VENDORPATH/fpdf/fpdf/src/Fpdf/Fpdf.php(512): Fpdf\Fpdf->Error()
 2 APPPATH/Controllers/Admin/Penilaian.php(54): Fpdf\Fpdf->SetFont()
 3 SYSTEMPATH/CodeIgniter.php(896): App\Controllers\Admin\Penilaian->report()
 4 SYSTEMPATH/CodeIgniter.php(466): CodeIgniter\CodeIgniter->runController()
 5 SYSTEMPATH/CodeIgniter.php(349): CodeIgniter\CodeIgniter->handleRequest()
 6 FCPATH/index.php(55): CodeIgniter\CodeIgniter->run()
 7 SYSTEMPATH/Commands/Server/rewrite.php(43): require_once('FCPATH/index.php')
CRITICAL - 2022-09-20 02:01:48 --> Call to undefined method App\Controllers\Admin\Penilaian::Image()
in APPPATH/Controllers/Admin/Penilaian.php on line 54.
 1 SYSTEMPATH/CodeIgniter.php(896): App\Controllers\Admin\Penilaian->report()
 2 SYSTEMPATH/CodeIgniter.php(466): CodeIgniter\CodeIgniter->runController()
 3 SYSTEMPATH/CodeIgniter.php(349): CodeIgniter\CodeIgniter->handleRequest()
 4 FCPATH/index.php(55): CodeIgniter\CodeIgniter->run()
 5 SYSTEMPATH/Commands/Server/rewrite.php(43): require_once('FCPATH/index.php')
CRITICAL - 2022-09-20 02:01:55 --> Call to undefined method App\Controllers\Admin\Penilaian::Image()
in APPPATH/Controllers/Admin/Penilaian.php on line 54.
 1 SYSTEMPATH/CodeIgniter.php(896): App\Controllers\Admin\Penilaian->report()
 2 SYSTEMPATH/CodeIgniter.php(466): CodeIgniter\CodeIgniter->runController()
 3 SYSTEMPATH/CodeIgniter.php(349): CodeIgniter\CodeIgniter->handleRequest()
 4 FCPATH/index.php(55): CodeIgniter\CodeIgniter->run()
 5 SYSTEMPATH/Commands/Server/rewrite.php(43): require_once('FCPATH/index.php')
CRITICAL - 2022-09-20 02:02:33 --> Call to undefined method App\Controllers\Admin\Penilaian::Image()
in APPPATH/Controllers/Admin/Penilaian.php on line 54.
 1 SYSTEMPATH/CodeIgniter.php(896): App\Controllers\Admin\Penilaian->report()
 2 SYSTEMPATH/CodeIgniter.php(466): CodeIgniter\CodeIgniter->runController()
 3 SYSTEMPATH/CodeIgniter.php(349): CodeIgniter\CodeIgniter->handleRequest()
 4 FCPATH/index.php(55): CodeIgniter\CodeIgniter->run()
 5 SYSTEMPATH/Commands/Server/rewrite.php(43): require_once('FCPATH/index.php')
CRITICAL - 2022-09-20 02:28:53 --> Call to undefined method App\Controllers\Admin\Penilaian::Image()
in APPPATH/Controllers/Admin/Penilaian.php on line 54.
 1 SYSTEMPATH/CodeIgniter.php(896): App\Controllers\Admin\Penilaian->report()
 2 SYSTEMPATH/CodeIgniter.php(466): CodeIgniter\CodeIgniter->runController()
 3 SYSTEMPATH/CodeIgniter.php(349): CodeIgniter\CodeIgniter->handleRequest()
 4 FCPATH/index.php(55): CodeIgniter\CodeIgniter->run()
 5 SYSTEMPATH/Commands/Server/rewrite.php(43): require_once('FCPATH/index.php')
CRITICAL - 2022-09-20 02:28:54 --> Call to undefined method App\Controllers\Admin\Penilaian::Image()
in APPPATH/Controllers/Admin/Penilaian.php on line 54.
 1 SYSTEMPATH/CodeIgniter.php(896): App\Controllers\Admin\Penilaian->report()
 2 SYSTEMPATH/CodeIgniter.php(466): CodeIgniter\CodeIgniter->runController()
 3 SYSTEMPATH/CodeIgniter.php(349): CodeIgniter\CodeIgniter->handleRequest()
 4 FCPATH/index.php(55): CodeIgniter\CodeIgniter->run()
 5 SYSTEMPATH/Commands/Server/rewrite.php(43): require_once('FCPATH/index.php')
CRITICAL - 2022-09-20 02:28:54 --> Call to undefined method App\Controllers\Admin\Penilaian::Image()
in APPPATH/Controllers/Admin/Penilaian.php on line 54.
 1 SYSTEMPATH/CodeIgniter.php(896): App\Controllers\Admin\Penilaian->report()
 2 SYSTEMPATH/CodeIgniter.php(466): CodeIgniter\CodeIgniter->runController()
 3 SYSTEMPATH/CodeIgniter.php(349): CodeIgniter\CodeIgniter->handleRequest()
 4 FCPATH/index.php(55): CodeIgniter\CodeIgniter->run()
 5 SYSTEMPATH/Commands/Server/rewrite.php(43): require_once('FCPATH/index.php')
CRITICAL - 2022-09-20 02:28:54 --> Call to undefined method App\Controllers\Admin\Penilaian::Image()
in APPPATH/Controllers/Admin/Penilaian.php on line 54.
 1 SYSTEMPATH/CodeIgniter.php(896): App\Controllers\Admin\Penilaian->report()
 2 SYSTEMPATH/CodeIgniter.php(466): CodeIgniter\CodeIgniter->runController()
 3 SYSTEMPATH/CodeIgniter.php(349): CodeIgniter\CodeIgniter->handleRequest()
 4 FCPATH/index.php(55): CodeIgniter\CodeIgniter->run()
 5 SYSTEMPATH/Commands/Server/rewrite.php(43): require_once('FCPATH/index.php')
CRITICAL - 2022-09-20 02:28:55 --> Call to undefined method App\Controllers\Admin\Penilaian::Image()
in APPPATH/Controllers/Admin/Penilaian.php on line 54.
 1 SYSTEMPATH/CodeIgniter.php(896): App\Controllers\Admin\Penilaian->report()
 2 SYSTEMPATH/CodeIgniter.php(466): CodeIgniter\CodeIgniter->runController()
 3 SYSTEMPATH/CodeIgniter.php(349): CodeIgniter\CodeIgniter->handleRequest()
 4 FCPATH/index.php(55): CodeIgniter\CodeIgniter->run()
 5 SYSTEMPATH/Commands/Server/rewrite.php(43): require_once('FCPATH/index.php')
CRITICAL - 2022-09-20 02:28:55 --> Call to undefined method App\Controllers\Admin\Penilaian::Image()
in APPPATH/Controllers/Admin/Penilaian.php on line 54.
 1 SYSTEMPATH/CodeIgniter.php(896): App\Controllers\Admin\Penilaian->report()
 2 SYSTEMPATH/CodeIgniter.php(466): CodeIgniter\CodeIgniter->runController()
 3 SYSTEMPATH/CodeIgniter.php(349): CodeIgniter\CodeIgniter->handleRequest()
 4 FCPATH/index.php(55): CodeIgniter\CodeIgniter->run()
 5 SYSTEMPATH/Commands/Server/rewrite.php(43): require_once('FCPATH/index.php')
CRITICAL - 2022-09-20 02:28:55 --> Call to undefined method App\Controllers\Admin\Penilaian::Image()
in APPPATH/Controllers/Admin/Penilaian.php on line 54.
 1 SYSTEMPATH/CodeIgniter.php(896): App\Controllers\Admin\Penilaian->report()
 2 SYSTEMPATH/CodeIgniter.php(466): CodeIgniter\CodeIgniter->runController()
 3 SYSTEMPATH/CodeIgniter.php(349): CodeIgniter\CodeIgniter->handleRequest()
 4 FCPATH/index.php(55): CodeIgniter\CodeIgniter->run()
 5 SYSTEMPATH/Commands/Server/rewrite.php(43): require_once('FCPATH/index.php')
CRITICAL - 2022-09-20 02:28:55 --> Call to undefined method App\Controllers\Admin\Penilaian::Image()
in APPPATH/Controllers/Admin/Penilaian.php on line 54.
 1 SYSTEMPATH/CodeIgniter.php(896): App\Controllers\Admin\Penilaian->report()
 2 SYSTEMPATH/CodeIgniter.php(466): CodeIgniter\CodeIgniter->runController()
 3 SYSTEMPATH/CodeIgniter.php(349): CodeIgniter\CodeIgniter->handleRequest()
 4 FCPATH/index.php(55): CodeIgniter\CodeIgniter->run()
 5 SYSTEMPATH/Commands/Server/rewrite.php(43): require_once('FCPATH/index.php')
CRITICAL - 2022-09-20 02:29:47 --> Call to undefined method App\Controllers\Admin\Penilaian::Image()
in APPPATH/Controllers/Admin/Penilaian.php on line 54.
 1 SYSTEMPATH/CodeIgniter.php(896): App\Controllers\Admin\Penilaian->report()
 2 SYSTEMPATH/CodeIgniter.php(466): CodeIgniter\CodeIgniter->runController()
 3 SYSTEMPATH/CodeIgniter.php(349): CodeIgniter\CodeIgniter->handleRequest()
 4 FCPATH/index.php(55): CodeIgniter\CodeIgniter->run()
 5 SYSTEMPATH/Commands/Server/rewrite.php(43): require_once('FCPATH/index.php')
CRITICAL - 2022-09-20 02:29:47 --> Call to undefined method App\Controllers\Admin\Penilaian::Image()
in APPPATH/Controllers/Admin/Penilaian.php on line 54.
 1 SYSTEMPATH/CodeIgniter.php(896): App\Controllers\Admin\Penilaian->report()
 2 SYSTEMPATH/CodeIgniter.php(466): CodeIgniter\CodeIgniter->runController()
 3 SYSTEMPATH/CodeIgniter.php(349): CodeIgniter\CodeIgniter->handleRequest()
 4 FCPATH/index.php(55): CodeIgniter\CodeIgniter->run()
 5 SYSTEMPATH/Commands/Server/rewrite.php(43): require_once('FCPATH/index.php')
CRITICAL - 2022-09-20 02:29:47 --> Call to undefined method App\Controllers\Admin\Penilaian::Image()
in APPPATH/Controllers/Admin/Penilaian.php on line 54.
 1 SYSTEMPATH/CodeIgniter.php(896): App\Controllers\Admin\Penilaian->report()
 2 SYSTEMPATH/CodeIgniter.php(466): CodeIgniter\CodeIgniter->runController()
 3 SYSTEMPATH/CodeIgniter.php(349): CodeIgniter\CodeIgniter->handleRequest()
 4 FCPATH/index.php(55): CodeIgniter\CodeIgniter->run()
 5 SYSTEMPATH/Commands/Server/rewrite.php(43): require_once('FCPATH/index.php')
CRITICAL - 2022-09-20 02:29:48 --> Call to undefined method App\Controllers\Admin\Penilaian::Image()
in APPPATH/Controllers/Admin/Penilaian.php on line 54.
 1 SYSTEMPATH/CodeIgniter.php(896): App\Controllers\Admin\Penilaian->report()
 2 SYSTEMPATH/CodeIgniter.php(466): CodeIgniter\CodeIgniter->runController()
 3 SYSTEMPATH/CodeIgniter.php(349): CodeIgniter\CodeIgniter->handleRequest()
 4 FCPATH/index.php(55): CodeIgniter\CodeIgniter->run()
 5 SYSTEMPATH/Commands/Server/rewrite.php(43): require_once('FCPATH/index.php')
CRITICAL - 2022-09-20 02:30:26 --> Call to undefined method App\Controllers\Admin\Penilaian::Image()
in APPPATH/Controllers/Admin/Penilaian.php on line 54.
 1 SYSTEMPATH/CodeIgniter.php(896): App\Controllers\Admin\Penilaian->report()
 2 SYSTEMPATH/CodeIgniter.php(466): CodeIgniter\CodeIgniter->runController()
 3 SYSTEMPATH/CodeIgniter.php(349): CodeIgniter\CodeIgniter->handleRequest()
 4 FCPATH/index.php(55): CodeIgniter\CodeIgniter->run()
 5 SYSTEMPATH/Commands/Server/rewrite.php(43): require_once('FCPATH/index.php')
CRITICAL - 2022-09-20 02:30:34 --> Call to undefined method App\Controllers\Admin\Penilaian::Image()
in APPPATH/Controllers/Admin/Penilaian.php on line 54.
 1 SYSTEMPATH/CodeIgniter.php(896): App\Controllers\Admin\Penilaian->report()
 2 SYSTEMPATH/CodeIgniter.php(466): CodeIgniter\CodeIgniter->runController()
 3 SYSTEMPATH/CodeIgniter.php(349): CodeIgniter\CodeIgniter->handleRequest()
 4 FCPATH/index.php(55): CodeIgniter\CodeIgniter->run()
 5 SYSTEMPATH/Commands/Server/rewrite.php(43): require_once('FCPATH/index.php')
CRITICAL - 2022-09-20 02:30:43 --> Call to undefined method App\Controllers\Admin\Penilaian::Image()
in APPPATH/Controllers/Admin/Penilaian.php on line 54.
 1 SYSTEMPATH/CodeIgniter.php(896): App\Controllers\Admin\Penilaian->report()
 2 SYSTEMPATH/CodeIgniter.php(466): CodeIgniter\CodeIgniter->runController()
 3 SYSTEMPATH/CodeIgniter.php(349): CodeIgniter\CodeIgniter->handleRequest()
 4 FCPATH/index.php(55): CodeIgniter\CodeIgniter->run()
 5 SYSTEMPATH/Commands/Server/rewrite.php(43): require_once('FCPATH/index.php')
CRITICAL - 2022-09-20 02:30:44 --> Call to undefined method App\Controllers\Admin\Penilaian::Image()
in APPPATH/Controllers/Admin/Penilaian.php on line 54.
 1 SYSTEMPATH/CodeIgniter.php(896): App\Controllers\Admin\Penilaian->report()
 2 SYSTEMPATH/CodeIgniter.php(466): CodeIgniter\CodeIgniter->runController()
 3 SYSTEMPATH/CodeIgniter.php(349): CodeIgniter\CodeIgniter->handleRequest()
 4 FCPATH/index.php(55): CodeIgniter\CodeIgniter->run()
 5 SYSTEMPATH/Commands/Server/rewrite.php(43): require_once('FCPATH/index.php')
CRITICAL - 2022-09-20 02:31:04 --> Call to undefined method App\Controllers\Admin\Penilaian::Image()
in APPPATH/Controllers/Admin/Penilaian.php on line 54.
 1 SYSTEMPATH/CodeIgniter.php(896): App\Controllers\Admin\Penilaian->report()
 2 SYSTEMPATH/CodeIgniter.php(466): CodeIgniter\CodeIgniter->runController()
 3 SYSTEMPATH/CodeIgniter.php(349): CodeIgniter\CodeIgniter->handleRequest()
 4 FCPATH/index.php(55): CodeIgniter\CodeIgniter->run()
 5 SYSTEMPATH/Commands/Server/rewrite.php(43): require_once('FCPATH/index.php')
CRITICAL - 2022-09-20 02:33:23 --> getimagesize(/assets/img/logounsiq.jpg): Failed to open stream: No such file or directory
in VENDORPATH/fpdf/fpdf/src/Fpdf/Fpdf.php on line 1240.
 1 [internal function]: CodeIgniter\Debug\Exceptions->errorHandler()
 2 VENDORPATH/fpdf/fpdf/src/Fpdf/Fpdf.php(1240): getimagesize()
 3 VENDORPATH/fpdf/fpdf/src/Fpdf/Fpdf.php(887): Fpdf\Fpdf->_parsejpg()
 4 APPPATH/Controllers/Admin/Penilaian.php(54): Fpdf\Fpdf->Image()
 5 SYSTEMPATH/CodeIgniter.php(896): App\Controllers\Admin\Penilaian->report()
 6 SYSTEMPATH/CodeIgniter.php(466): CodeIgniter\CodeIgniter->runController()
 7 SYSTEMPATH/CodeIgniter.php(349): CodeIgniter\CodeIgniter->handleRequest()
 8 FCPATH/index.php(55): CodeIgniter\CodeIgniter->run()
 9 SYSTEMPATH/Commands/Server/rewrite.php(43): require_once('FCPATH/index.php')
CRITICAL - 2022-09-20 02:35:06 --> syntax error, unexpected token ";", expecting identifier or variable or "{" or "$"
in APPPATH/Controllers/Admin/Penilaian.php on line 57.
 1 SYSTEMPATH/Router/Router.php(499): CodeIgniter\Router\AutoRouter->getRoute()
 2 SYSTEMPATH/Router/Router.php(205): CodeIgniter\Router\Router->autoRoute()
 3 SYSTEMPATH/CodeIgniter.php(771): CodeIgniter\Router\Router->handle()
 4 SYSTEMPATH/CodeIgniter.php(415): CodeIgniter\CodeIgniter->tryToRouteIt()
 5 SYSTEMPATH/CodeIgniter.php(349): CodeIgniter\CodeIgniter->handleRequest()
 6 FCPATH/index.php(55): CodeIgniter\CodeIgniter->run()
 7 SYSTEMPATH/Commands/Server/rewrite.php(43): require_once('FCPATH/index.php')
CRITICAL - 2022-09-20 02:41:45 --> include(/var/www/html/pandawa/vendor/fpdf/fpdf/src/Fpdf/font/timesn.php): Failed to open stream: No such file or directory
in VENDORPATH/fpdf/fpdf/src/Fpdf/Fpdf.php on line 1143.
 1 VENDORPATH/fpdf/fpdf/src/Fpdf/Fpdf.php(1143): CodeIgniter\Debug\Exceptions->errorHandler()
 2 VENDORPATH/fpdf/fpdf/src/Fpdf/Fpdf.php(1143): include()
 3 VENDORPATH/fpdf/fpdf/src/Fpdf/Fpdf.php(461): Fpdf\Fpdf->_loadfont()
 4 VENDORPATH/fpdf/fpdf/src/Fpdf/Fpdf.php(509): Fpdf\Fpdf->AddFont()
 5 APPPATH/Controllers/Admin/Penilaian.php(69): Fpdf\Fpdf->SetFont()
 6 SYSTEMPATH/CodeIgniter.php(896): App\Controllers\Admin\Penilaian->report()
 7 SYSTEMPATH/CodeIgniter.php(466): CodeIgniter\CodeIgniter->runController()
 8 SYSTEMPATH/CodeIgniter.php(349): CodeIgniter\CodeIgniter->handleRequest()
 9 FCPATH/index.php(55): CodeIgniter\CodeIgniter->run()
10 SYSTEMPATH/Commands/Server/rewrite.php(43): require_once('FCPATH/index.php')
CRITICAL - 2022-09-20 02:59:02 --> Undefined property: Fpdf\Fpdf::$ln
in APPPATH/Controllers/Admin/Penilaian.php on line 72.
 1 APPPATH/Controllers/Admin/Penilaian.php(72): CodeIgniter\Debug\Exceptions->errorHandler()
 2 SYSTEMPATH/CodeIgniter.php(896): App\Controllers\Admin\Penilaian->report()
 3 SYSTEMPATH/CodeIgniter.php(466): CodeIgniter\CodeIgniter->runController()
 4 SYSTEMPATH/CodeIgniter.php(349): CodeIgniter\CodeIgniter->handleRequest()
 5 FCPATH/index.php(55): CodeIgniter\CodeIgniter->run()
 6 SYSTEMPATH/Commands/Server/rewrite.php(43): require_once('FCPATH/index.php')
CRITICAL - 2022-09-20 03:00:23 --> Call to undefined method App\Controllers\Admin\Penilaian::Cell()
in APPPATH/Controllers/Admin/Penilaian.php on line 78.
 1 SYSTEMPATH/CodeIgniter.php(896): App\Controllers\Admin\Penilaian->report()
 2 SYSTEMPATH/CodeIgniter.php(466): CodeIgniter\CodeIgniter->runController()
 3 SYSTEMPATH/CodeIgniter.php(349): CodeIgniter\CodeIgniter->handleRequest()
 4 FCPATH/index.php(55): CodeIgniter\CodeIgniter->run()
 5 SYSTEMPATH/Commands/Server/rewrite.php(43): require_once('FCPATH/index.php')
CRITICAL - 2022-09-20 04:09:19 --> Call to undefined method CodeIgniter\Database\MySQLi\Result::countAll()
in APPPATH/Controllers/Admin/Penilaian.php on line 81.
 1 SYSTEMPATH/CodeIgniter.php(896): App\Controllers\Admin\Penilaian->report()
 2 SYSTEMPATH/CodeIgniter.php(466): CodeIgniter\CodeIgniter->runController()
 3 SYSTEMPATH/CodeIgniter.php(349): CodeIgniter\CodeIgniter->handleRequest()
 4 FCPATH/index.php(55): CodeIgniter\CodeIgniter->run()
 5 SYSTEMPATH/Commands/Server/rewrite.php(43): require_once('FCPATH/index.php')
CRITICAL - 2022-09-20 04:15:55 --> Undefined property: stdClass::$dosen
in APPPATH/Controllers/Admin/Penilaian.php on line 103.
 1 APPPATH/Controllers/Admin/Penilaian.php(103): CodeIgniter\Debug\Exceptions->errorHandler()
 2 SYSTEMPATH/CodeIgniter.php(896): App\Controllers\Admin\Penilaian->report()
 3 SYSTEMPATH/CodeIgniter.php(466): CodeIgniter\CodeIgniter->runController()
 4 SYSTEMPATH/CodeIgniter.php(349): CodeIgniter\CodeIgniter->handleRequest()
 5 FCPATH/index.php(55): CodeIgniter\CodeIgniter->run()
 6 SYSTEMPATH/Commands/Server/rewrite.php(43): require_once('FCPATH/index.php')
CRITICAL - 2022-09-20 04:21:07 --> syntax error, unexpected token ";", expecting ")"
in APPPATH/Controllers/Admin/Penilaian.php on line 83.
 1 SYSTEMPATH/Router/Router.php(499): CodeIgniter\Router\AutoRouter->getRoute()
 2 SYSTEMPATH/Router/Router.php(205): CodeIgniter\Router\Router->autoRoute()
 3 SYSTEMPATH/CodeIgniter.php(771): CodeIgniter\Router\Router->handle()
 4 SYSTEMPATH/CodeIgniter.php(415): CodeIgniter\CodeIgniter->tryToRouteIt()
 5 SYSTEMPATH/CodeIgniter.php(349): CodeIgniter\CodeIgniter->handleRequest()
 6 FCPATH/index.php(55): CodeIgniter\CodeIgniter->run()
 7 SYSTEMPATH/Commands/Server/rewrite.php(43): require_once('FCPATH/index.php')
CRITICAL - 2022-09-20 04:51:19 --> Undefined property: stdClass::$id_pertanyaan
in APPPATH/Controllers/Admin/Penilaian.php on line 110.
 1 APPPATH/Controllers/Admin/Penilaian.php(110): CodeIgniter\Debug\Exceptions->errorHandler()
 2 SYSTEMPATH/CodeIgniter.php(896): App\Controllers\Admin\Penilaian->report()
 3 SYSTEMPATH/CodeIgniter.php(466): CodeIgniter\CodeIgniter->runController()
 4 SYSTEMPATH/CodeIgniter.php(349): CodeIgniter\CodeIgniter->handleRequest()
 5 FCPATH/index.php(55): CodeIgniter\CodeIgniter->run()
 6 SYSTEMPATH/Commands/Server/rewrite.php(43): require_once('FCPATH/index.php')
CRITICAL - 2022-09-20 04:52:20 --> Undefined property: stdClass::$id_pertanyaan
in APPPATH/Controllers/Admin/Penilaian.php on line 110.
 1 APPPATH/Controllers/Admin/Penilaian.php(110): CodeIgniter\Debug\Exceptions->errorHandler()
 2 SYSTEMPATH/CodeIgniter.php(896): App\Controllers\Admin\Penilaian->report()
 3 SYSTEMPATH/CodeIgniter.php(466): CodeIgniter\CodeIgniter->runController()
 4 SYSTEMPATH/CodeIgniter.php(349): CodeIgniter\CodeIgniter->handleRequest()
 5 FCPATH/index.php(55): CodeIgniter\CodeIgniter->run()
 6 SYSTEMPATH/Commands/Server/rewrite.php(43): require_once('FCPATH/index.php')
CRITICAL - 2022-09-20 04:52:29 --> Undefined property: stdClass::$nid
in APPPATH/Controllers/Admin/Penilaian.php on line 110.
 1 APPPATH/Controllers/Admin/Penilaian.php(110): CodeIgniter\Debug\Exceptions->errorHandler()
 2 SYSTEMPATH/CodeIgniter.php(896): App\Controllers\Admin\Penilaian->report()
 3 SYSTEMPATH/CodeIgniter.php(466): CodeIgniter\CodeIgniter->runController()
 4 SYSTEMPATH/CodeIgniter.php(349): CodeIgniter\CodeIgniter->handleRequest()
 5 FCPATH/index.php(55): CodeIgniter\CodeIgniter->run()
 6 SYSTEMPATH/Commands/Server/rewrite.php(43): require_once('FCPATH/index.php')
CRITICAL - 2022-09-20 04:52:43 --> Undefined property: stdClass::$nid
in APPPATH/Controllers/Admin/Penilaian.php on line 110.
 1 APPPATH/Controllers/Admin/Penilaian.php(110): CodeIgniter\Debug\Exceptions->errorHandler()
 2 SYSTEMPATH/CodeIgniter.php(896): App\Controllers\Admin\Penilaian->report()
 3 SYSTEMPATH/CodeIgniter.php(466): CodeIgniter\CodeIgniter->runController()
 4 SYSTEMPATH/CodeIgniter.php(349): CodeIgniter\CodeIgniter->handleRequest()
 5 FCPATH/index.php(55): CodeIgniter\CodeIgniter->run()
 6 SYSTEMPATH/Commands/Server/rewrite.php(43): require_once('FCPATH/index.php')
CRITICAL - 2022-09-20 04:52:44 --> Undefined property: stdClass::$nid
in APPPATH/Controllers/Admin/Penilaian.php on line 110.
 1 APPPATH/Controllers/Admin/Penilaian.php(110): CodeIgniter\Debug\Exceptions->errorHandler()
 2 SYSTEMPATH/CodeIgniter.php(896): App\Controllers\Admin\Penilaian->report()
 3 SYSTEMPATH/CodeIgniter.php(466): CodeIgniter\CodeIgniter->runController()
 4 SYSTEMPATH/CodeIgniter.php(349): CodeIgniter\CodeIgniter->handleRequest()
 5 FCPATH/index.php(55): CodeIgniter\CodeIgniter->run()
 6 SYSTEMPATH/Commands/Server/rewrite.php(43): require_once('FCPATH/index.php')
CRITICAL - 2022-09-20 05:03:13 --> Undefined property: stdClass::$nid
in APPPATH/Controllers/Admin/Penilaian.php on line 110.
 1 APPPATH/Controllers/Admin/Penilaian.php(110): CodeIgniter\Debug\Exceptions->errorHandler()
 2 SYSTEMPATH/CodeIgniter.php(896): App\Controllers\Admin\Penilaian->report()
 3 SYSTEMPATH/CodeIgniter.php(466): CodeIgniter\CodeIgniter->runController()
 4 SYSTEMPATH/CodeIgniter.php(349): CodeIgniter\CodeIgniter->handleRequest()
 5 FCPATH/index.php(55): CodeIgniter\CodeIgniter->run()
 6 SYSTEMPATH/Commands/Server/rewrite.php(43): require_once('FCPATH/index.php')
ERROR - 2022-09-20 05:03:29 --> Unknown column 'idpertanyaan' in 'where clause'
CRITICAL - 2022-09-20 05:03:29 --> Unknown column 'idpertanyaan' in 'where clause'
in SYSTEMPATH/Database/MySQLi/Connection.php on line 292.
 1 SYSTEMPATH/Database/MySQLi/Connection.php(292): mysqli->query()
 2 SYSTEMPATH/Database/BaseConnection.php(695): CodeIgniter\Database\MySQLi\Connection->execute()
 3 SYSTEMPATH/Database/BaseConnection.php(609): CodeIgniter\Database\BaseConnection->simpleQuery()
 4 SYSTEMPATH/Database/BaseBuilder.php(1585): CodeIgniter\Database\BaseConnection->query()
 5 APPPATH/Controllers/Admin/Penilaian.php(110): CodeIgniter\Database\BaseBuilder->get()
 6 SYSTEMPATH/CodeIgniter.php(896): App\Controllers\Admin\Penilaian->report()
 7 SYSTEMPATH/CodeIgniter.php(466): CodeIgniter\CodeIgniter->runController()
 8 SYSTEMPATH/CodeIgniter.php(349): CodeIgniter\CodeIgniter->handleRequest()
 9 FCPATH/index.php(55): CodeIgniter\CodeIgniter->run()
10 SYSTEMPATH/Commands/Server/rewrite.php(43): require_once('FCPATH/index.php')
CRITICAL - 2022-09-20 05:03:39 --> Attempt to read property "rata" on array
in APPPATH/Controllers/Admin/Penilaian.php on line 112.
 1 APPPATH/Controllers/Admin/Penilaian.php(112): CodeIgniter\Debug\Exceptions->errorHandler()
 2 SYSTEMPATH/CodeIgniter.php(896): App\Controllers\Admin\Penilaian->report()
 3 SYSTEMPATH/CodeIgniter.php(466): CodeIgniter\CodeIgniter->runController()
 4 SYSTEMPATH/CodeIgniter.php(349): CodeIgniter\CodeIgniter->handleRequest()
 5 FCPATH/index.php(55): CodeIgniter\CodeIgniter->run()
 6 SYSTEMPATH/Commands/Server/rewrite.php(43): require_once('FCPATH/index.php')
CRITICAL - 2022-09-20 05:04:50 --> Attempt to read property "rata" on array
in APPPATH/Controllers/Admin/Penilaian.php on line 112.
 1 APPPATH/Controllers/Admin/Penilaian.php(112): CodeIgniter\Debug\Exceptions->errorHandler()
 2 SYSTEMPATH/CodeIgniter.php(896): App\Controllers\Admin\Penilaian->report()
 3 SYSTEMPATH/CodeIgniter.php(466): CodeIgniter\CodeIgniter->runController()
 4 SYSTEMPATH/CodeIgniter.php(349): CodeIgniter\CodeIgniter->handleRequest()
 5 FCPATH/index.php(55): CodeIgniter\CodeIgniter->run()
 6 SYSTEMPATH/Commands/Server/rewrite.php(43): require_once('FCPATH/index.php')
CRITICAL - 2022-09-20 05:04:51 --> Attempt to read property "rata" on array
in APPPATH/Controllers/Admin/Penilaian.php on line 112.
 1 APPPATH/Controllers/Admin/Penilaian.php(112): CodeIgniter\Debug\Exceptions->errorHandler()
 2 SYSTEMPATH/CodeIgniter.php(896): App\Controllers\Admin\Penilaian->report()
 3 SYSTEMPATH/CodeIgniter.php(466): CodeIgniter\CodeIgniter->runController()
 4 SYSTEMPATH/CodeIgniter.php(349): CodeIgniter\CodeIgniter->handleRequest()
 5 FCPATH/index.php(55): CodeIgniter\CodeIgniter->run()
 6 SYSTEMPATH/Commands/Server/rewrite.php(43): require_once('FCPATH/index.php')
CRITICAL - 2022-09-20 05:04:51 --> Attempt to read property "rata" on array
in APPPATH/Controllers/Admin/Penilaian.php on line 112.
 1 APPPATH/Controllers/Admin/Penilaian.php(112): CodeIgniter\Debug\Exceptions->errorHandler()
 2 SYSTEMPATH/CodeIgniter.php(896): App\Controllers\Admin\Penilaian->report()
 3 SYSTEMPATH/CodeIgniter.php(466): CodeIgniter\CodeIgniter->runController()
 4 SYSTEMPATH/CodeIgniter.php(349): CodeIgniter\CodeIgniter->handleRequest()
 5 FCPATH/index.php(55): CodeIgniter\CodeIgniter->run()
 6 SYSTEMPATH/Commands/Server/rewrite.php(43): require_once('FCPATH/index.php')
CRITICAL - 2022-09-20 05:04:52 --> Attempt to read property "rata" on array
in APPPATH/Controllers/Admin/Penilaian.php on line 112.
 1 APPPATH/Controllers/Admin/Penilaian.php(112): CodeIgniter\Debug\Exceptions->errorHandler()
 2 SYSTEMPATH/CodeIgniter.php(896): App\Controllers\Admin\Penilaian->report()
 3 SYSTEMPATH/CodeIgniter.php(466): CodeIgniter\CodeIgniter->runController()
 4 SYSTEMPATH/CodeIgniter.php(349): CodeIgniter\CodeIgniter->handleRequest()
 5 FCPATH/index.php(55): CodeIgniter\CodeIgniter->run()
 6 SYSTEMPATH/Commands/Server/rewrite.php(43): require_once('FCPATH/index.php')
CRITICAL - 2022-09-20 05:04:52 --> Attempt to read property "rata" on array
in APPPATH/Controllers/Admin/Penilaian.php on line 112.
 1 APPPATH/Controllers/Admin/Penilaian.php(112): CodeIgniter\Debug\Exceptions->errorHandler()
 2 SYSTEMPATH/CodeIgniter.php(896): App\Controllers\Admin\Penilaian->report()
 3 SYSTEMPATH/CodeIgniter.php(466): CodeIgniter\CodeIgniter->runController()
 4 SYSTEMPATH/CodeIgniter.php(349): CodeIgniter\CodeIgniter->handleRequest()
 5 FCPATH/index.php(55): CodeIgniter\CodeIgniter->run()
 6 SYSTEMPATH/Commands/Server/rewrite.php(43): require_once('FCPATH/index.php')
CRITICAL - 2022-09-20 05:04:52 --> Attempt to read property "rata" on array
in APPPATH/Controllers/Admin/Penilaian.php on line 112.
 1 APPPATH/Controllers/Admin/Penilaian.php(112): CodeIgniter\Debug\Exceptions->errorHandler()
 2 SYSTEMPATH/CodeIgniter.php(896): App\Controllers\Admin\Penilaian->report()
 3 SYSTEMPATH/CodeIgniter.php(466): CodeIgniter\CodeIgniter->runController()
 4 SYSTEMPATH/CodeIgniter.php(349): CodeIgniter\CodeIgniter->handleRequest()
 5 FCPATH/index.php(55): CodeIgniter\CodeIgniter->run()
 6 SYSTEMPATH/Commands/Server/rewrite.php(43): require_once('FCPATH/index.php')
CRITICAL - 2022-09-20 05:04:52 --> Attempt to read property "rata" on array
in APPPATH/Controllers/Admin/Penilaian.php on line 112.
 1 APPPATH/Controllers/Admin/Penilaian.php(112): CodeIgniter\Debug\Exceptions->errorHandler()
 2 SYSTEMPATH/CodeIgniter.php(896): App\Controllers\Admin\Penilaian->report()
 3 SYSTEMPATH/CodeIgniter.php(466): CodeIgniter\CodeIgniter->runController()
 4 SYSTEMPATH/CodeIgniter.php(349): CodeIgniter\CodeIgniter->handleRequest()
 5 FCPATH/index.php(55): CodeIgniter\CodeIgniter->run()
 6 SYSTEMPATH/Commands/Server/rewrite.php(43): require_once('FCPATH/index.php')
CRITICAL - 2022-09-20 05:04:52 --> Attempt to read property "rata" on array
in APPPATH/Controllers/Admin/Penilaian.php on line 112.
 1 APPPATH/Controllers/Admin/Penilaian.php(112): CodeIgniter\Debug\Exceptions->errorHandler()
 2 SYSTEMPATH/CodeIgniter.php(896): App\Controllers\Admin\Penilaian->report()
 3 SYSTEMPATH/CodeIgniter.php(466): CodeIgniter\CodeIgniter->runController()
 4 SYSTEMPATH/CodeIgniter.php(349): CodeIgniter\CodeIgniter->handleRequest()
 5 FCPATH/index.php(55): CodeIgniter\CodeIgniter->run()
 6 SYSTEMPATH/Commands/Server/rewrite.php(43): require_once('FCPATH/index.php')
CRITICAL - 2022-09-20 05:05:24 --> Attempt to read property "rata" on array
in APPPATH/Controllers/Admin/Penilaian.php on line 112.
 1 APPPATH/Controllers/Admin/Penilaian.php(112): CodeIgniter\Debug\Exceptions->errorHandler()
 2 SYSTEMPATH/CodeIgniter.php(896): App\Controllers\Admin\Penilaian->report()
 3 SYSTEMPATH/CodeIgniter.php(466): CodeIgniter\CodeIgniter->runController()
 4 SYSTEMPATH/CodeIgniter.php(349): CodeIgniter\CodeIgniter->handleRequest()
 5 FCPATH/index.php(55): CodeIgniter\CodeIgniter->run()
 6 SYSTEMPATH/Commands/Server/rewrite.php(43): require_once('FCPATH/index.php')
CRITICAL - 2022-09-20 05:05:25 --> Attempt to read property "rata" on array
in APPPATH/Controllers/Admin/Penilaian.php on line 112.
 1 APPPATH/Controllers/Admin/Penilaian.php(112): CodeIgniter\Debug\Exceptions->errorHandler()
 2 SYSTEMPATH/CodeIgniter.php(896): App\Controllers\Admin\Penilaian->report()
 3 SYSTEMPATH/CodeIgniter.php(466): CodeIgniter\CodeIgniter->runController()
 4 SYSTEMPATH/CodeIgniter.php(349): CodeIgniter\CodeIgniter->handleRequest()
 5 FCPATH/index.php(55): CodeIgniter\CodeIgniter->run()
 6 SYSTEMPATH/Commands/Server/rewrite.php(43): require_once('FCPATH/index.php')
CRITICAL - 2022-09-20 05:05:25 --> Attempt to read property "rata" on array
in APPPATH/Controllers/Admin/Penilaian.php on line 112.
 1 APPPATH/Controllers/Admin/Penilaian.php(112): CodeIgniter\Debug\Exceptions->errorHandler()
 2 SYSTEMPATH/CodeIgniter.php(896): App\Controllers\Admin\Penilaian->report()
 3 SYSTEMPATH/CodeIgniter.php(466): CodeIgniter\CodeIgniter->runController()
 4 SYSTEMPATH/CodeIgniter.php(349): CodeIgniter\CodeIgniter->handleRequest()
 5 FCPATH/index.php(55): CodeIgniter\CodeIgniter->run()
 6 SYSTEMPATH/Commands/Server/rewrite.php(43): require_once('FCPATH/index.php')
CRITICAL - 2022-09-20 05:05:46 --> Attempt to read property "rata" on array
in APPPATH/Controllers/Admin/Penilaian.php on line 112.
 1 APPPATH/Controllers/Admin/Penilaian.php(112): CodeIgniter\Debug\Exceptions->errorHandler()
 2 SYSTEMPATH/CodeIgniter.php(896): App\Controllers\Admin\Penilaian->report()
 3 SYSTEMPATH/CodeIgniter.php(466): CodeIgniter\CodeIgniter->runController()
 4 SYSTEMPATH/CodeIgniter.php(349): CodeIgniter\CodeIgniter->handleRequest()
 5 FCPATH/index.php(55): CodeIgniter\CodeIgniter->run()
 6 SYSTEMPATH/Commands/Server/rewrite.php(43): require_once('FCPATH/index.php')
CRITICAL - 2022-09-20 05:05:53 --> strpos(): Passing null to parameter #1 ($haystack) of type string is deprecated
in VENDORPATH/fpdf/fpdf/src/Fpdf/Fpdf.php on line 1214.
 1 [internal function]: CodeIgniter\Debug\Exceptions->errorHandler()
 2 VENDORPATH/fpdf/fpdf/src/Fpdf/Fpdf.php(1214): strpos()
 3 VENDORPATH/fpdf/fpdf/src/Fpdf/Fpdf.php(636): Fpdf\Fpdf->_escape()
 4 APPPATH/Controllers/Admin/Penilaian.php(112): Fpdf\Fpdf->Cell()
 5 SYSTEMPATH/CodeIgniter.php(896): App\Controllers\Admin\Penilaian->report()
 6 SYSTEMPATH/CodeIgniter.php(466): CodeIgniter\CodeIgniter->runController()
 7 SYSTEMPATH/CodeIgniter.php(349): CodeIgniter\CodeIgniter->handleRequest()
 8 FCPATH/index.php(55): CodeIgniter\CodeIgniter->run()
 9 SYSTEMPATH/Commands/Server/rewrite.php(43): require_once('FCPATH/index.php')
CRITICAL - 2022-09-20 05:06:14 --> strpos(): Passing null to parameter #1 ($haystack) of type string is deprecated
in VENDORPATH/fpdf/fpdf/src/Fpdf/Fpdf.php on line 1214.
 1 [internal function]: CodeIgniter\Debug\Exceptions->errorHandler()
 2 VENDORPATH/fpdf/fpdf/src/Fpdf/Fpdf.php(1214): strpos()
 3 VENDORPATH/fpdf/fpdf/src/Fpdf/Fpdf.php(636): Fpdf\Fpdf->_escape()
 4 APPPATH/Controllers/Admin/Penilaian.php(112): Fpdf\Fpdf->Cell()
 5 SYSTEMPATH/CodeIgniter.php(896): App\Controllers\Admin\Penilaian->report()
 6 SYSTEMPATH/CodeIgniter.php(466): CodeIgniter\CodeIgniter->runController()
 7 SYSTEMPATH/CodeIgniter.php(349): CodeIgniter\CodeIgniter->handleRequest()
 8 FCPATH/index.php(55): CodeIgniter\CodeIgniter->run()
 9 SYSTEMPATH/Commands/Server/rewrite.php(43): require_once('FCPATH/index.php')
CRITICAL - 2022-09-20 05:07:25 --> number_format(): Passing null to parameter #1 ($num) of type float is deprecated
in APPPATH/Controllers/Admin/Penilaian.php on line 112.
 1 [internal function]: CodeIgniter\Debug\Exceptions->errorHandler()
 2 APPPATH/Controllers/Admin/Penilaian.php(112): number_format()
 3 SYSTEMPATH/CodeIgniter.php(896): App\Controllers\Admin\Penilaian->report()
 4 SYSTEMPATH/CodeIgniter.php(466): CodeIgniter\CodeIgniter->runController()
 5 SYSTEMPATH/CodeIgniter.php(349): CodeIgniter\CodeIgniter->handleRequest()
 6 FCPATH/index.php(55): CodeIgniter\CodeIgniter->run()
 7 SYSTEMPATH/Commands/Server/rewrite.php(43): require_once('FCPATH/index.php')
CRITICAL - 2022-09-20 05:07:48 --> Object of class stdClass could not be converted to int
in APPPATH/Controllers/Admin/Penilaian.php on line 111.
 1 APPPATH/Controllers/Admin/Penilaian.php(111): CodeIgniter\Debug\Exceptions->errorHandler()
 2 SYSTEMPATH/CodeIgniter.php(896): App\Controllers\Admin\Penilaian->report()
 3 SYSTEMPATH/CodeIgniter.php(466): CodeIgniter\CodeIgniter->runController()
 4 SYSTEMPATH/CodeIgniter.php(349): CodeIgniter\CodeIgniter->handleRequest()
 5 FCPATH/index.php(55): CodeIgniter\CodeIgniter->run()
 6 SYSTEMPATH/Commands/Server/rewrite.php(43): require_once('FCPATH/index.php')
CRITICAL - 2022-09-20 05:11:04 --> number_format(): Passing null to parameter #1 ($num) of type float is deprecated
in APPPATH/Controllers/Admin/Penilaian.php on line 120.
 1 [internal function]: CodeIgniter\Debug\Exceptions->errorHandler()
 2 APPPATH/Controllers/Admin/Penilaian.php(120): number_format()
 3 SYSTEMPATH/CodeIgniter.php(896): App\Controllers\Admin\Penilaian->report()
 4 SYSTEMPATH/CodeIgniter.php(466): CodeIgniter\CodeIgniter->runController()
 5 SYSTEMPATH/CodeIgniter.php(349): CodeIgniter\CodeIgniter->handleRequest()
 6 FCPATH/index.php(55): CodeIgniter\CodeIgniter->run()
 7 SYSTEMPATH/Commands/Server/rewrite.php(43): require_once('FCPATH/index.php')
CRITICAL - 2022-09-20 05:11:08 --> number_format(): Passing null to parameter #1 ($num) of type float is deprecated
in APPPATH/Controllers/Admin/Penilaian.php on line 120.
 1 [internal function]: CodeIgniter\Debug\Exceptions->errorHandler()
 2 APPPATH/Controllers/Admin/Penilaian.php(120): number_format()
 3 SYSTEMPATH/CodeIgniter.php(896): App\Controllers\Admin\Penilaian->report()
 4 SYSTEMPATH/CodeIgniter.php(466): CodeIgniter\CodeIgniter->runController()
 5 SYSTEMPATH/CodeIgniter.php(349): CodeIgniter\CodeIgniter->handleRequest()
 6 FCPATH/index.php(55): CodeIgniter\CodeIgniter->run()
 7 SYSTEMPATH/Commands/Server/rewrite.php(43): require_once('FCPATH/index.php')
CRITICAL - 2022-09-20 05:11:23 --> number_format(): Passing null to parameter #1 ($num) of type float is deprecated
in APPPATH/Controllers/Admin/Penilaian.php on line 120.
 1 [internal function]: CodeIgniter\Debug\Exceptions->errorHandler()
 2 APPPATH/Controllers/Admin/Penilaian.php(120): number_format()
 3 SYSTEMPATH/CodeIgniter.php(896): App\Controllers\Admin\Penilaian->report()
 4 SYSTEMPATH/CodeIgniter.php(466): CodeIgniter\CodeIgniter->runController()
 5 SYSTEMPATH/CodeIgniter.php(349): CodeIgniter\CodeIgniter->handleRequest()
 6 FCPATH/index.php(55): CodeIgniter\CodeIgniter->run()
 7 SYSTEMPATH/Commands/Server/rewrite.php(43): require_once('FCPATH/index.php')
CRITICAL - 2022-09-20 05:11:31 --> Undefined property: stdClass::$rat
in APPPATH/Controllers/Admin/Penilaian.php on line 120.
 1 APPPATH/Controllers/Admin/Penilaian.php(120): CodeIgniter\Debug\Exceptions->errorHandler()
 2 SYSTEMPATH/CodeIgniter.php(896): App\Controllers\Admin\Penilaian->report()
 3 SYSTEMPATH/CodeIgniter.php(466): CodeIgniter\CodeIgniter->runController()
 4 SYSTEMPATH/CodeIgniter.php(349): CodeIgniter\CodeIgniter->handleRequest()
 5 FCPATH/index.php(55): CodeIgniter\CodeIgniter->run()
 6 SYSTEMPATH/Commands/Server/rewrite.php(43): require_once('FCPATH/index.php')
CRITICAL - 2022-09-20 05:11:40 --> strpos(): Passing null to parameter #1 ($haystack) of type string is deprecated
in VENDORPATH/fpdf/fpdf/src/Fpdf/Fpdf.php on line 1214.
 1 [internal function]: CodeIgniter\Debug\Exceptions->errorHandler()
 2 VENDORPATH/fpdf/fpdf/src/Fpdf/Fpdf.php(1214): strpos()
 3 VENDORPATH/fpdf/fpdf/src/Fpdf/Fpdf.php(636): Fpdf\Fpdf->_escape()
 4 APPPATH/Controllers/Admin/Penilaian.php(120): Fpdf\Fpdf->Cell()
 5 SYSTEMPATH/CodeIgniter.php(896): App\Controllers\Admin\Penilaian->report()
 6 SYSTEMPATH/CodeIgniter.php(466): CodeIgniter\CodeIgniter->runController()
 7 SYSTEMPATH/CodeIgniter.php(349): CodeIgniter\CodeIgniter->handleRequest()
 8 FCPATH/index.php(55): CodeIgniter\CodeIgniter->run()
 9 SYSTEMPATH/Commands/Server/rewrite.php(43): require_once('FCPATH/index.php')
ERROR - 2022-09-20 05:22:18 --> Unknown column 'rata*25' in 'field list'
CRITICAL - 2022-09-20 05:22:18 --> Unknown column 'rata*25' in 'field list'
in SYSTEMPATH/Database/MySQLi/Connection.php on line 292.
 1 SYSTEMPATH/Database/MySQLi/Connection.php(292): mysqli->query()
 2 SYSTEMPATH/Database/BaseConnection.php(695): CodeIgniter\Database\MySQLi\Connection->execute()
 3 SYSTEMPATH/Database/BaseConnection.php(609): CodeIgniter\Database\BaseConnection->simpleQuery()
 4 SYSTEMPATH/Database/BaseBuilder.php(1585): CodeIgniter\Database\BaseConnection->query()
 5 APPPATH/Controllers/Admin/Penilaian.php(118): CodeIgniter\Database\BaseBuilder->get()
 6 SYSTEMPATH/CodeIgniter.php(896): App\Controllers\Admin\Penilaian->report()
 7 SYSTEMPATH/CodeIgniter.php(466): CodeIgniter\CodeIgniter->runController()
 8 SYSTEMPATH/CodeIgniter.php(349): CodeIgniter\CodeIgniter->handleRequest()
 9 FCPATH/index.php(55): CodeIgniter\CodeIgniter->run()
10 SYSTEMPATH/Commands/Server/rewrite.php(43): require_once('FCPATH/index.php')
CRITICAL - 2022-09-20 06:42:47 --> syntax error, unexpected variable "$pdf"
in APPPATH/Controllers/Admin/Penilaian.php on line 157.
 1 SYSTEMPATH/Router/Router.php(499): CodeIgniter\Router\AutoRouter->getRoute()
 2 SYSTEMPATH/Router/Router.php(205): CodeIgniter\Router\Router->autoRoute()
 3 SYSTEMPATH/CodeIgniter.php(771): CodeIgniter\Router\Router->handle()
 4 SYSTEMPATH/CodeIgniter.php(415): CodeIgniter\CodeIgniter->tryToRouteIt()
 5 SYSTEMPATH/CodeIgniter.php(349): CodeIgniter\CodeIgniter->handleRequest()
 6 FCPATH/index.php(55): CodeIgniter\CodeIgniter->run()
 7 SYSTEMPATH/Commands/Server/rewrite.php(43): require_once('FCPATH/index.php')
CRITICAL - 2022-09-20 06:51:36 --> syntax error, unexpected variable "$pdf"
in APPPATH/Controllers/Admin/Penilaian.php on line 167.
 1 SYSTEMPATH/Router/Router.php(499): CodeIgniter\Router\AutoRouter->getRoute()
 2 SYSTEMPATH/Router/Router.php(205): CodeIgniter\Router\Router->autoRoute()
 3 SYSTEMPATH/CodeIgniter.php(771): CodeIgniter\Router\Router->handle()
 4 SYSTEMPATH/CodeIgniter.php(415): CodeIgniter\CodeIgniter->tryToRouteIt()
 5 SYSTEMPATH/CodeIgniter.php(349): CodeIgniter\CodeIgniter->handleRequest()
 6 FCPATH/index.php(55): CodeIgniter\CodeIgniter->run()
 7 SYSTEMPATH/Commands/Server/rewrite.php(43): require_once('FCPATH/index.php')
ERROR - 2022-09-20 07:32:14 --> Expression #5 of SELECT list is not in GROUP BY clause and contains nonaggregated column 'pandawa.kelas.id_kelas' which is not functionally dependent on columns in GROUP BY clause; this is incompatible with sql_mode=only_full_group_by
CRITICAL - 2022-09-20 07:32:14 --> Expression #5 of SELECT list is not in GROUP BY clause and contains nonaggregated column 'pandawa.kelas.id_kelas' which is not functionally dependent on columns in GROUP BY clause; this is incompatible with sql_mode=only_full_group_by
in SYSTEMPATH/Database/MySQLi/Connection.php on line 292.
 1 SYSTEMPATH/Database/MySQLi/Connection.php(292): mysqli->query()
 2 SYSTEMPATH/Database/BaseConnection.php(695): CodeIgniter\Database\MySQLi\Connection->execute()
 3 SYSTEMPATH/Database/BaseConnection.php(609): CodeIgniter\Database\BaseConnection->simpleQuery()
 4 SYSTEMPATH/Database/BaseBuilder.php(1585): CodeIgniter\Database\BaseConnection->query()
 5 APPPATH/Controllers/Admin/Penilaian.php(100): CodeIgniter\Database\BaseBuilder->get()
 6 SYSTEMPATH/CodeIgniter.php(896): App\Controllers\Admin\Penilaian->report()
 7 SYSTEMPATH/CodeIgniter.php(466): CodeIgniter\CodeIgniter->runController()
 8 SYSTEMPATH/CodeIgniter.php(349): CodeIgniter\CodeIgniter->handleRequest()
 9 FCPATH/index.php(55): CodeIgniter\CodeIgniter->run()
10 SYSTEMPATH/Commands/Server/rewrite.php(43): require_once('FCPATH/index.php')
CRITICAL - 2022-09-20 07:35:40 --> Undefined variable $nilai
in APPPATH/Controllers/Admin/Penilaian.php on line 127.
 1 APPPATH/Controllers/Admin/Penilaian.php(127): CodeIgniter\Debug\Exceptions->errorHandler()
 2 SYSTEMPATH/CodeIgniter.php(896): App\Controllers\Admin\Penilaian->report()
 3 SYSTEMPATH/CodeIgniter.php(466): CodeIgniter\CodeIgniter->runController()
 4 SYSTEMPATH/CodeIgniter.php(349): CodeIgniter\CodeIgniter->handleRequest()
 5 FCPATH/index.php(55): CodeIgniter\CodeIgniter->run()
 6 SYSTEMPATH/Commands/Server/rewrite.php(43): require_once('FCPATH/index.php')
ERROR - 2022-09-20 07:45:17 --> In aggregated query without GROUP BY, expression #1 of SELECT list contains nonaggregated column 'pandawa.dosen.nid'; this is incompatible with sql_mode=only_full_group_by
CRITICAL - 2022-09-20 07:45:17 --> In aggregated query without GROUP BY, expression #1 of SELECT list contains nonaggregated column 'pandawa.dosen.nid'; this is incompatible with sql_mode=only_full_group_by
in SYSTEMPATH/Database/MySQLi/Connection.php on line 292.
 1 SYSTEMPATH/Database/MySQLi/Connection.php(292): mysqli->query()
 2 SYSTEMPATH/Database/BaseConnection.php(695): CodeIgniter\Database\MySQLi\Connection->execute()
 3 SYSTEMPATH/Database/BaseConnection.php(609): CodeIgniter\Database\BaseConnection->simpleQuery()
 4 SYSTEMPATH/Database/BaseBuilder.php(1585): CodeIgniter\Database\BaseConnection->query()
 5 APPPATH/Controllers/Admin/Penilaian.php(100): CodeIgniter\Database\BaseBuilder->get()
 6 SYSTEMPATH/CodeIgniter.php(896): App\Controllers\Admin\Penilaian->report()
 7 SYSTEMPATH/CodeIgniter.php(466): CodeIgniter\CodeIgniter->runController()
 8 SYSTEMPATH/CodeIgniter.php(349): CodeIgniter\CodeIgniter->handleRequest()
 9 FCPATH/index.php(55): CodeIgniter\CodeIgniter->run()
10 SYSTEMPATH/Commands/Server/rewrite.php(43): require_once('FCPATH/index.php')
ERROR - 2022-09-20 07:50:42 --> Column 'nid' in where clause is ambiguous
CRITICAL - 2022-09-20 07:50:42 --> Column 'nid' in where clause is ambiguous
in SYSTEMPATH/Database/MySQLi/Connection.php on line 292.
 1 SYSTEMPATH/Database/MySQLi/Connection.php(292): mysqli->query()
 2 SYSTEMPATH/Database/BaseConnection.php(695): CodeIgniter\Database\MySQLi\Connection->execute()
 3 SYSTEMPATH/Database/BaseConnection.php(609): CodeIgniter\Database\BaseConnection->simpleQuery()
 4 SYSTEMPATH/Database/BaseBuilder.php(1585): CodeIgniter\Database\BaseConnection->query()
 5 APPPATH/Controllers/Admin/Penilaian.php(110): CodeIgniter\Database\BaseBuilder->get()
 6 SYSTEMPATH/CodeIgniter.php(896): App\Controllers\Admin\Penilaian->report()
 7 SYSTEMPATH/CodeIgniter.php(466): CodeIgniter\CodeIgniter->runController()
 8 SYSTEMPATH/CodeIgniter.php(349): CodeIgniter\CodeIgniter->handleRequest()
 9 FCPATH/index.php(55): CodeIgniter\CodeIgniter->run()
10 SYSTEMPATH/Commands/Server/rewrite.php(43): require_once('FCPATH/index.php')
ERROR - 2022-09-20 07:51:18 --> Column 'nid' in where clause is ambiguous
CRITICAL - 2022-09-20 07:51:18 --> Column 'nid' in where clause is ambiguous
in SYSTEMPATH/Database/MySQLi/Connection.php on line 292.
 1 SYSTEMPATH/Database/MySQLi/Connection.php(292): mysqli->query()
 2 SYSTEMPATH/Database/BaseConnection.php(695): CodeIgniter\Database\MySQLi\Connection->execute()
 3 SYSTEMPATH/Database/BaseConnection.php(609): CodeIgniter\Database\BaseConnection->simpleQuery()
 4 SYSTEMPATH/Database/BaseBuilder.php(1585): CodeIgniter\Database\BaseConnection->query()
 5 APPPATH/Controllers/Admin/Penilaian.php(110): CodeIgniter\Database\BaseBuilder->get()
 6 SYSTEMPATH/CodeIgniter.php(896): App\Controllers\Admin\Penilaian->report()
 7 SYSTEMPATH/CodeIgniter.php(466): CodeIgniter\CodeIgniter->runController()
 8 SYSTEMPATH/CodeIgniter.php(349): CodeIgniter\CodeIgniter->handleRequest()
 9 FCPATH/index.php(55): CodeIgniter\CodeIgniter->run()
10 SYSTEMPATH/Commands/Server/rewrite.php(43): require_once('FCPATH/index.php')
ERROR - 2022-09-20 07:52:17 --> Column 'nid' in where clause is ambiguous
CRITICAL - 2022-09-20 07:52:17 --> Column 'nid' in where clause is ambiguous
in SYSTEMPATH/Database/MySQLi/Connection.php on line 292.
 1 SYSTEMPATH/Database/MySQLi/Connection.php(292): mysqli->query()
 2 SYSTEMPATH/Database/BaseConnection.php(695): CodeIgniter\Database\MySQLi\Connection->execute()
 3 SYSTEMPATH/Database/BaseConnection.php(609): CodeIgniter\Database\BaseConnection->simpleQuery()
 4 SYSTEMPATH/Database/BaseBuilder.php(1585): CodeIgniter\Database\BaseConnection->query()
 5 APPPATH/Controllers/Admin/Penilaian.php(110): CodeIgniter\Database\BaseBuilder->get()
 6 SYSTEMPATH/CodeIgniter.php(896): App\Controllers\Admin\Penilaian->report()
 7 SYSTEMPATH/CodeIgniter.php(466): CodeIgniter\CodeIgniter->runController()
 8 SYSTEMPATH/CodeIgniter.php(349): CodeIgniter\CodeIgniter->handleRequest()
 9 FCPATH/index.php(55): CodeIgniter\CodeIgniter->run()
10 SYSTEMPATH/Commands/Server/rewrite.php(43): require_once('FCPATH/index.php')
ERROR - 2022-09-20 07:52:18 --> Column 'nid' in where clause is ambiguous
CRITICAL - 2022-09-20 07:52:18 --> Column 'nid' in where clause is ambiguous
in SYSTEMPATH/Database/MySQLi/Connection.php on line 292.
 1 SYSTEMPATH/Database/MySQLi/Connection.php(292): mysqli->query()
 2 SYSTEMPATH/Database/BaseConnection.php(695): CodeIgniter\Database\MySQLi\Connection->execute()
 3 SYSTEMPATH/Database/BaseConnection.php(609): CodeIgniter\Database\BaseConnection->simpleQuery()
 4 SYSTEMPATH/Database/BaseBuilder.php(1585): CodeIgniter\Database\BaseConnection->query()
 5 APPPATH/Controllers/Admin/Penilaian.php(110): CodeIgniter\Database\BaseBuilder->get()
 6 SYSTEMPATH/CodeIgniter.php(896): App\Controllers\Admin\Penilaian->report()
 7 SYSTEMPATH/CodeIgniter.php(466): CodeIgniter\CodeIgniter->runController()
 8 SYSTEMPATH/CodeIgniter.php(349): CodeIgniter\CodeIgniter->handleRequest()
 9 FCPATH/index.php(55): CodeIgniter\CodeIgniter->run()
10 SYSTEMPATH/Commands/Server/rewrite.php(43): require_once('FCPATH/index.php')
ERROR - 2022-09-20 07:52:18 --> Column 'nid' in where clause is ambiguous
CRITICAL - 2022-09-20 07:52:18 --> Column 'nid' in where clause is ambiguous
in SYSTEMPATH/Database/MySQLi/Connection.php on line 292.
 1 SYSTEMPATH/Database/MySQLi/Connection.php(292): mysqli->query()
 2 SYSTEMPATH/Database/BaseConnection.php(695): CodeIgniter\Database\MySQLi\Connection->execute()
 3 SYSTEMPATH/Database/BaseConnection.php(609): CodeIgniter\Database\BaseConnection->simpleQuery()
 4 SYSTEMPATH/Database/BaseBuilder.php(1585): CodeIgniter\Database\BaseConnection->query()
 5 APPPATH/Controllers/Admin/Penilaian.php(110): CodeIgniter\Database\BaseBuilder->get()
 6 SYSTEMPATH/CodeIgniter.php(896): App\Controllers\Admin\Penilaian->report()
 7 SYSTEMPATH/CodeIgniter.php(466): CodeIgniter\CodeIgniter->runController()
 8 SYSTEMPATH/CodeIgniter.php(349): CodeIgniter\CodeIgniter->handleRequest()
 9 FCPATH/index.php(55): CodeIgniter\CodeIgniter->run()
10 SYSTEMPATH/Commands/Server/rewrite.php(43): require_once('FCPATH/index.php')
ERROR - 2022-09-20 07:52:18 --> Column 'nid' in where clause is ambiguous
CRITICAL - 2022-09-20 07:52:18 --> Column 'nid' in where clause is ambiguous
in SYSTEMPATH/Database/MySQLi/Connection.php on line 292.
 1 SYSTEMPATH/Database/MySQLi/Connection.php(292): mysqli->query()
 2 SYSTEMPATH/Database/BaseConnection.php(695): CodeIgniter\Database\MySQLi\Connection->execute()
 3 SYSTEMPATH/Database/BaseConnection.php(609): CodeIgniter\Database\BaseConnection->simpleQuery()
 4 SYSTEMPATH/Database/BaseBuilder.php(1585): CodeIgniter\Database\BaseConnection->query()
 5 APPPATH/Controllers/Admin/Penilaian.php(110): CodeIgniter\Database\BaseBuilder->get()
 6 SYSTEMPATH/CodeIgniter.php(896): App\Controllers\Admin\Penilaian->report()
 7 SYSTEMPATH/CodeIgniter.php(466): CodeIgniter\CodeIgniter->runController()
 8 SYSTEMPATH/CodeIgniter.php(349): CodeIgniter\CodeIgniter->handleRequest()
 9 FCPATH/index.php(55): CodeIgniter\CodeIgniter->run()
10 SYSTEMPATH/Commands/Server/rewrite.php(43): require_once('FCPATH/index.php')
CRITICAL - 2022-09-20 07:52:53 --> Undefined variable $nilai
in APPPATH/Controllers/Admin/Penilaian.php on line 127.
 1 APPPATH/Controllers/Admin/Penilaian.php(127): CodeIgniter\Debug\Exceptions->errorHandler()
 2 SYSTEMPATH/CodeIgniter.php(896): App\Controllers\Admin\Penilaian->report()
 3 SYSTEMPATH/CodeIgniter.php(466): CodeIgniter\CodeIgniter->runController()
 4 SYSTEMPATH/CodeIgniter.php(349): CodeIgniter\CodeIgniter->handleRequest()
 5 FCPATH/index.php(55): CodeIgniter\CodeIgniter->run()
 6 SYSTEMPATH/Commands/Server/rewrite.php(43): require_once('FCPATH/index.php')
CRITICAL - 2022-09-20 07:53:04 --> Undefined variable $nilai
in APPPATH/Controllers/Admin/Penilaian.php on line 127.
 1 APPPATH/Controllers/Admin/Penilaian.php(127): CodeIgniter\Debug\Exceptions->errorHandler()
 2 SYSTEMPATH/CodeIgniter.php(896): App\Controllers\Admin\Penilaian->report()
 3 SYSTEMPATH/CodeIgniter.php(466): CodeIgniter\CodeIgniter->runController()
 4 SYSTEMPATH/CodeIgniter.php(349): CodeIgniter\CodeIgniter->handleRequest()
 5 FCPATH/index.php(55): CodeIgniter\CodeIgniter->run()
 6 SYSTEMPATH/Commands/Server/rewrite.php(43): require_once('FCPATH/index.php')
CRITICAL - 2022-09-20 07:53:19 --> Undefined variable $nilai
in APPPATH/Controllers/Admin/Penilaian.php on line 127.
 1 APPPATH/Controllers/Admin/Penilaian.php(127): CodeIgniter\Debug\Exceptions->errorHandler()
 2 SYSTEMPATH/CodeIgniter.php(896): App\Controllers\Admin\Penilaian->report()
 3 SYSTEMPATH/CodeIgniter.php(466): CodeIgniter\CodeIgniter->runController()
 4 SYSTEMPATH/CodeIgniter.php(349): CodeIgniter\CodeIgniter->handleRequest()
 5 FCPATH/index.php(55): CodeIgniter\CodeIgniter->run()
 6 SYSTEMPATH/Commands/Server/rewrite.php(43): require_once('FCPATH/index.php')
ERROR - 2022-09-20 09:33:53 --> Unknown column 'thn_akademil' in 'where clause'
CRITICAL - 2022-09-20 09:33:53 --> Unknown column 'thn_akademil' in 'where clause'
in SYSTEMPATH/Database/MySQLi/Connection.php on line 292.
 1 SYSTEMPATH/Database/MySQLi/Connection.php(292): mysqli->query()
 2 SYSTEMPATH/Database/BaseConnection.php(695): CodeIgniter\Database\MySQLi\Connection->execute()
 3 SYSTEMPATH/Database/BaseConnection.php(609): CodeIgniter\Database\BaseConnection->simpleQuery()
 4 SYSTEMPATH/Database/BaseBuilder.php(1585): CodeIgniter\Database\BaseConnection->query()
 5 APPPATH/Controllers/Admin/Penilaian.php(111): CodeIgniter\Database\BaseBuilder->get()
 6 SYSTEMPATH/CodeIgniter.php(896): App\Controllers\Admin\Penilaian->report()
 7 SYSTEMPATH/CodeIgniter.php(466): CodeIgniter\CodeIgniter->runController()
 8 SYSTEMPATH/CodeIgniter.php(349): CodeIgniter\CodeIgniter->handleRequest()
 9 FCPATH/index.php(55): CodeIgniter\CodeIgniter->run()
10 SYSTEMPATH/Commands/Server/rewrite.php(43): require_once('FCPATH/index.php')
ERROR - 2022-09-20 09:34:19 --> Column 'thn_akademik' in where clause is ambiguous
CRITICAL - 2022-09-20 09:34:19 --> Column 'thn_akademik' in where clause is ambiguous
in SYSTEMPATH/Database/MySQLi/Connection.php on line 292.
 1 SYSTEMPATH/Database/MySQLi/Connection.php(292): mysqli->query()
 2 SYSTEMPATH/Database/BaseConnection.php(695): CodeIgniter\Database\MySQLi\Connection->execute()
 3 SYSTEMPATH/Database/BaseConnection.php(609): CodeIgniter\Database\BaseConnection->simpleQuery()
 4 SYSTEMPATH/Database/BaseBuilder.php(1585): CodeIgniter\Database\BaseConnection->query()
 5 APPPATH/Controllers/Admin/Penilaian.php(111): CodeIgniter\Database\BaseBuilder->get()
 6 SYSTEMPATH/CodeIgniter.php(896): App\Controllers\Admin\Penilaian->report()
 7 SYSTEMPATH/CodeIgniter.php(466): CodeIgniter\CodeIgniter->runController()
 8 SYSTEMPATH/CodeIgniter.php(349): CodeIgniter\CodeIgniter->handleRequest()
 9 FCPATH/index.php(55): CodeIgniter\CodeIgniter->run()
10 SYSTEMPATH/Commands/Server/rewrite.php(43): require_once('FCPATH/index.php')
ERROR - 2022-09-20 09:34:41 --> Column 'thn_akademik' in where clause is ambiguous
CRITICAL - 2022-09-20 09:34:41 --> Column 'thn_akademik' in where clause is ambiguous
in SYSTEMPATH/Database/MySQLi/Connection.php on line 292.
 1 SYSTEMPATH/Database/MySQLi/Connection.php(292): mysqli->query()
 2 SYSTEMPATH/Database/BaseConnection.php(695): CodeIgniter\Database\MySQLi\Connection->execute()
 3 SYSTEMPATH/Database/BaseConnection.php(609): CodeIgniter\Database\BaseConnection->simpleQuery()
 4 SYSTEMPATH/Database/BaseBuilder.php(1585): CodeIgniter\Database\BaseConnection->query()
 5 APPPATH/Controllers/Admin/Penilaian.php(111): CodeIgniter\Database\BaseBuilder->get()
 6 SYSTEMPATH/CodeIgniter.php(896): App\Controllers\Admin\Penilaian->report()
 7 SYSTEMPATH/CodeIgniter.php(466): CodeIgniter\CodeIgniter->runController()
 8 SYSTEMPATH/CodeIgniter.php(349): CodeIgniter\CodeIgniter->handleRequest()
 9 FCPATH/index.php(55): CodeIgniter\CodeIgniter->run()
10 SYSTEMPATH/Commands/Server/rewrite.php(43): require_once('FCPATH/index.php')
CRITICAL - 2022-09-20 09:42:53 --> Undefined property: stdClass::$id_pertanyaan
in APPPATH/Controllers/Admin/Penilaian.php on line 184.
 1 APPPATH/Controllers/Admin/Penilaian.php(184): CodeIgniter\Debug\Exceptions->errorHandler()
 2 SYSTEMPATH/CodeIgniter.php(896): App\Controllers\Admin\Penilaian->report()
 3 SYSTEMPATH/CodeIgniter.php(466): CodeIgniter\CodeIgniter->runController()
 4 SYSTEMPATH/CodeIgniter.php(349): CodeIgniter\CodeIgniter->handleRequest()
 5 FCPATH/index.php(55): CodeIgniter\CodeIgniter->run()
 6 SYSTEMPATH/Commands/Server/rewrite.php(43): require_once('FCPATH/index.php')
CRITICAL - 2022-09-20 09:43:29 --> Call to undefined method CodeIgniter\Database\MySQLi\Builder::getRow()
in APPPATH/Controllers/Admin/Penilaian.php on line 184.
 1 SYSTEMPATH/CodeIgniter.php(896): App\Controllers\Admin\Penilaian->report()
 2 SYSTEMPATH/CodeIgniter.php(466): CodeIgniter\CodeIgniter->runController()
 3 SYSTEMPATH/CodeIgniter.php(349): CodeIgniter\CodeIgniter->handleRequest()
 4 FCPATH/index.php(55): CodeIgniter\CodeIgniter->run()
 5 SYSTEMPATH/Commands/Server/rewrite.php(43): require_once('FCPATH/index.php')
CRITICAL - 2022-09-20 09:43:37 --> strpos(): Passing null to parameter #1 ($haystack) of type string is deprecated
in VENDORPATH/fpdf/fpdf/src/Fpdf/Fpdf.php on line 1214.
 1 [internal function]: CodeIgniter\Debug\Exceptions->errorHandler()
 2 VENDORPATH/fpdf/fpdf/src/Fpdf/Fpdf.php(1214): strpos()
 3 VENDORPATH/fpdf/fpdf/src/Fpdf/Fpdf.php(636): Fpdf\Fpdf->_escape()
 4 APPPATH/Controllers/Admin/Penilaian.php(188): Fpdf\Fpdf->Cell()
 5 SYSTEMPATH/CodeIgniter.php(896): App\Controllers\Admin\Penilaian->report()
 6 SYSTEMPATH/CodeIgniter.php(466): CodeIgniter\CodeIgniter->runController()
 7 SYSTEMPATH/CodeIgniter.php(349): CodeIgniter\CodeIgniter->handleRequest()
 8 FCPATH/index.php(55): CodeIgniter\CodeIgniter->run()
 9 SYSTEMPATH/Commands/Server/rewrite.php(43): require_once('FCPATH/index.php')
CRITICAL - 2022-09-20 09:43:46 --> strpos(): Passing null to parameter #1 ($haystack) of type string is deprecated
in VENDORPATH/fpdf/fpdf/src/Fpdf/Fpdf.php on line 1214.
 1 [internal function]: CodeIgniter\Debug\Exceptions->errorHandler()
 2 VENDORPATH/fpdf/fpdf/src/Fpdf/Fpdf.php(1214): strpos()
 3 VENDORPATH/fpdf/fpdf/src/Fpdf/Fpdf.php(636): Fpdf\Fpdf->_escape()
 4 APPPATH/Controllers/Admin/Penilaian.php(188): Fpdf\Fpdf->Cell()
 5 SYSTEMPATH/CodeIgniter.php(896): App\Controllers\Admin\Penilaian->report()
 6 SYSTEMPATH/CodeIgniter.php(466): CodeIgniter\CodeIgniter->runController()
 7 SYSTEMPATH/CodeIgniter.php(349): CodeIgniter\CodeIgniter->handleRequest()
 8 FCPATH/index.php(55): CodeIgniter\CodeIgniter->run()
 9 SYSTEMPATH/Commands/Server/rewrite.php(43): require_once('FCPATH/index.php')
ERROR - 2022-09-20 09:45:04 --> Unknown column 'kelas.id_prodi' in 'where clause'
CRITICAL - 2022-09-20 09:45:04 --> Unknown column 'kelas.id_prodi' in 'where clause'
in SYSTEMPATH/Database/MySQLi/Connection.php on line 292.
 1 SYSTEMPATH/Database/MySQLi/Connection.php(292): mysqli->query()
 2 SYSTEMPATH/Database/BaseConnection.php(695): CodeIgniter\Database\MySQLi\Connection->execute()
 3 SYSTEMPATH/Database/BaseConnection.php(609): CodeIgniter\Database\BaseConnection->simpleQuery()
 4 SYSTEMPATH/Database/BaseBuilder.php(1585): CodeIgniter\Database\BaseConnection->query()
 5 APPPATH/Controllers/Admin/Penilaian.php(184): CodeIgniter\Database\BaseBuilder->get()
 6 SYSTEMPATH/CodeIgniter.php(896): App\Controllers\Admin\Penilaian->report()
 7 SYSTEMPATH/CodeIgniter.php(466): CodeIgniter\CodeIgniter->runController()
 8 SYSTEMPATH/CodeIgniter.php(349): CodeIgniter\CodeIgniter->handleRequest()
 9 FCPATH/index.php(55): CodeIgniter\CodeIgniter->run()
10 SYSTEMPATH/Commands/Server/rewrite.php(43): require_once('FCPATH/index.php')
CRITICAL - 2022-09-20 09:49:11 --> number_format(): Passing null to parameter #1 ($num) of type float is deprecated
in APPPATH/Controllers/Admin/Penilaian.php on line 189.
 1 [internal function]: CodeIgniter\Debug\Exceptions->errorHandler()
 2 APPPATH/Controllers/Admin/Penilaian.php(189): number_format()
 3 SYSTEMPATH/CodeIgniter.php(896): App\Controllers\Admin\Penilaian->report()
 4 SYSTEMPATH/CodeIgniter.php(466): CodeIgniter\CodeIgniter->runController()
 5 SYSTEMPATH/CodeIgniter.php(349): CodeIgniter\CodeIgniter->handleRequest()
 6 FCPATH/index.php(55): CodeIgniter\CodeIgniter->run()
 7 SYSTEMPATH/Commands/Server/rewrite.php(43): require_once('FCPATH/index.php')
CRITICAL - 2022-09-20 12:09:17 --> Object of class stdClass could not be converted to string
in APPPATH/Controllers/Admin/Penilaian.php on line 212.
 1 SYSTEMPATH/CodeIgniter.php(896): App\Controllers\Admin\Penilaian->report()
 2 SYSTEMPATH/CodeIgniter.php(466): CodeIgniter\CodeIgniter->runController()
 3 SYSTEMPATH/CodeIgniter.php(349): CodeIgniter\CodeIgniter->handleRequest()
 4 FCPATH/index.php(55): CodeIgniter\CodeIgniter->run()
 5 SYSTEMPATH/Commands/Server/rewrite.php(43): require_once('FCPATH/index.php')
ERROR - 2022-09-20 12:14:15 --> You have an error in your SQL syntax; check the manual that corresponds to your MySQL server version for the right syntax to use near 'nim) as responden
FROM `nilai`
GROUP BY `nim`' at line 1
CRITICAL - 2022-09-20 12:14:15 --> You have an error in your SQL syntax; check the manual that corresponds to your MySQL server version for the right syntax to use near 'nim) as responden
FROM `nilai`
GROUP BY `nim`' at line 1
in SYSTEMPATH/Database/MySQLi/Connection.php on line 292.
 1 SYSTEMPATH/Database/MySQLi/Connection.php(292): mysqli->query()
 2 SYSTEMPATH/Database/BaseConnection.php(695): CodeIgniter\Database\MySQLi\Connection->execute()
 3 SYSTEMPATH/Database/BaseConnection.php(609): CodeIgniter\Database\BaseConnection->simpleQuery()
 4 SYSTEMPATH/Database/BaseBuilder.php(1585): CodeIgniter\Database\BaseConnection->query()
 5 APPPATH/Controllers/Admin/Penilaian.php(206): CodeIgniter\Database\BaseBuilder->get()
 6 SYSTEMPATH/CodeIgniter.php(896): App\Controllers\Admin\Penilaian->report()
 7 SYSTEMPATH/CodeIgniter.php(466): CodeIgniter\CodeIgniter->runController()
 8 SYSTEMPATH/CodeIgniter.php(349): CodeIgniter\CodeIgniter->handleRequest()
 9 FCPATH/index.php(55): CodeIgniter\CodeIgniter->run()
10 SYSTEMPATH/Commands/Server/rewrite.php(43): require_once('FCPATH/index.php')
ERROR - 2022-09-20 12:14:32 --> You have an error in your SQL syntax; check the manual that corresponds to your MySQL server version for the right syntax to use near 'nim) as responden
FROM `nilai`
GROUP BY `nim`' at line 1
CRITICAL - 2022-09-20 12:14:32 --> You have an error in your SQL syntax; check the manual that corresponds to your MySQL server version for the right syntax to use near 'nim) as responden
FROM `nilai`
GROUP BY `nim`' at line 1
in SYSTEMPATH/Database/MySQLi/Connection.php on line 292.
 1 SYSTEMPATH/Database/MySQLi/Connection.php(292): mysqli->query()
 2 SYSTEMPATH/Database/BaseConnection.php(695): CodeIgniter\Database\MySQLi\Connection->execute()
 3 SYSTEMPATH/Database/BaseConnection.php(609): CodeIgniter\Database\BaseConnection->simpleQuery()
 4 SYSTEMPATH/Database/BaseBuilder.php(1585): CodeIgniter\Database\BaseConnection->query()
 5 APPPATH/Controllers/Admin/Penilaian.php(206): CodeIgniter\Database\BaseBuilder->get()
 6 SYSTEMPATH/CodeIgniter.php(896): App\Controllers\Admin\Penilaian->report()
 7 SYSTEMPATH/CodeIgniter.php(466): CodeIgniter\CodeIgniter->runController()
 8 SYSTEMPATH/CodeIgniter.php(349): CodeIgniter\CodeIgniter->handleRequest()
 9 FCPATH/index.php(55): CodeIgniter\CodeIgniter->run()
10 SYSTEMPATH/Commands/Server/rewrite.php(43): require_once('FCPATH/index.php')
CRITICAL - 2022-09-20 12:24:36 --> Undefined property: stdClass::$nids
in APPPATH/Controllers/Admin/Penilaian.php on line 111.
 1 APPPATH/Controllers/Admin/Penilaian.php(111): CodeIgniter\Debug\Exceptions->errorHandler()
 2 SYSTEMPATH/CodeIgniter.php(896): App\Controllers\Admin\Penilaian->report()
 3 SYSTEMPATH/CodeIgniter.php(466): CodeIgniter\CodeIgniter->runController()
 4 SYSTEMPATH/CodeIgniter.php(349): CodeIgniter\CodeIgniter->handleRequest()
 5 FCPATH/index.php(55): CodeIgniter\CodeIgniter->run()
 6 SYSTEMPATH/Commands/Server/rewrite.php(43): require_once('FCPATH/index.php')
ERROR - 2022-09-20 12:24:41 --> Column 'nid' in where clause is ambiguous
CRITICAL - 2022-09-20 12:24:41 --> Column 'nid' in where clause is ambiguous
in SYSTEMPATH/Database/MySQLi/Connection.php on line 292.
 1 SYSTEMPATH/Database/MySQLi/Connection.php(292): mysqli->query()
 2 SYSTEMPATH/Database/BaseConnection.php(695): CodeIgniter\Database\MySQLi\Connection->execute()
 3 SYSTEMPATH/Database/BaseConnection.php(609): CodeIgniter\Database\BaseConnection->simpleQuery()
 4 SYSTEMPATH/Database/BaseBuilder.php(1585): CodeIgniter\Database\BaseConnection->query()
 5 APPPATH/Controllers/Admin/Penilaian.php(118): CodeIgniter\Database\BaseBuilder->get()
 6 SYSTEMPATH/CodeIgniter.php(896): App\Controllers\Admin\Penilaian->report()
 7 SYSTEMPATH/CodeIgniter.php(466): CodeIgniter\CodeIgniter->runController()
 8 SYSTEMPATH/CodeIgniter.php(349): CodeIgniter\CodeIgniter->handleRequest()
 9 FCPATH/index.php(55): CodeIgniter\CodeIgniter->run()
10 SYSTEMPATH/Commands/Server/rewrite.php(43): require_once('FCPATH/index.php')
CRITICAL - 2022-09-20 12:24:50 --> Too few arguments to function CodeIgniter\Database\BaseBuilder::where(), 0 passed in /var/www/html/pandawa/app/Controllers/Admin/Penilaian.php on line 206 and at least 1 expected
in SYSTEMPATH/Database/BaseBuilder.php on line 672.
 1 APPPATH/Controllers/Admin/Penilaian.php(206): CodeIgniter\Database\BaseBuilder->where()
 2 SYSTEMPATH/CodeIgniter.php(896): App\Controllers\Admin\Penilaian->report()
 3 SYSTEMPATH/CodeIgniter.php(466): CodeIgniter\CodeIgniter->runController()
 4 SYSTEMPATH/CodeIgniter.php(349): CodeIgniter\CodeIgniter->handleRequest()
 5 FCPATH/index.php(55): CodeIgniter\CodeIgniter->run()
 6 SYSTEMPATH/Commands/Server/rewrite.php(43): require_once('FCPATH/index.php')
CRITICAL - 2022-09-20 12:25:12 --> Too few arguments to function CodeIgniter\Database\BaseBuilder::where(), 0 passed in /var/www/html/pandawa/app/Controllers/Admin/Penilaian.php on line 206 and at least 1 expected
in SYSTEMPATH/Database/BaseBuilder.php on line 672.
 1 APPPATH/Controllers/Admin/Penilaian.php(206): CodeIgniter\Database\BaseBuilder->where()
 2 SYSTEMPATH/CodeIgniter.php(896): App\Controllers\Admin\Penilaian->report()
 3 SYSTEMPATH/CodeIgniter.php(466): CodeIgniter\CodeIgniter->runController()
 4 SYSTEMPATH/CodeIgniter.php(349): CodeIgniter\CodeIgniter->handleRequest()
 5 FCPATH/index.php(55): CodeIgniter\CodeIgniter->run()
 6 SYSTEMPATH/Commands/Server/rewrite.php(43): require_once('FCPATH/index.php')
CRITICAL - 2022-09-20 19:13:28 --> Attempt to read property "responden" on null
in APPPATH/Controllers/Admin/Penilaian.php on line 206.
 1 APPPATH/Controllers/Admin/Penilaian.php(206): CodeIgniter\Debug\Exceptions->errorHandler()
 2 SYSTEMPATH/CodeIgniter.php(896): App\Controllers\Admin\Penilaian->report()
 3 SYSTEMPATH/CodeIgniter.php(466): CodeIgniter\CodeIgniter->runController()
 4 SYSTEMPATH/CodeIgniter.php(349): CodeIgniter\CodeIgniter->handleRequest()
 5 FCPATH/index.php(55): CodeIgniter\CodeIgniter->run()
 6 SYSTEMPATH/Commands/Server/rewrite.php(43): require_once('FCPATH/index.php')
CRITICAL - 2022-09-20 19:13:59 --> Attempt to read property "responden" on null
in APPPATH/Controllers/Admin/Penilaian.php on line 206.
 1 APPPATH/Controllers/Admin/Penilaian.php(206): CodeIgniter\Debug\Exceptions->errorHandler()
 2 SYSTEMPATH/CodeIgniter.php(896): App\Controllers\Admin\Penilaian->report()
 3 SYSTEMPATH/CodeIgniter.php(466): CodeIgniter\CodeIgniter->runController()
 4 SYSTEMPATH/CodeIgniter.php(349): CodeIgniter\CodeIgniter->handleRequest()
 5 FCPATH/index.php(55): CodeIgniter\CodeIgniter->run()
 6 SYSTEMPATH/Commands/Server/rewrite.php(43): require_once('FCPATH/index.php')
CRITICAL - 2022-09-20 19:14:32 --> Attempt to read property "responden" on null
in APPPATH/Controllers/Admin/Penilaian.php on line 206.
 1 APPPATH/Controllers/Admin/Penilaian.php(206): CodeIgniter\Debug\Exceptions->errorHandler()
 2 SYSTEMPATH/CodeIgniter.php(896): App\Controllers\Admin\Penilaian->report()
 3 SYSTEMPATH/CodeIgniter.php(466): CodeIgniter\CodeIgniter->runController()
 4 SYSTEMPATH/CodeIgniter.php(349): CodeIgniter\CodeIgniter->handleRequest()
 5 FCPATH/index.php(55): CodeIgniter\CodeIgniter->run()
 6 SYSTEMPATH/Commands/Server/rewrite.php(43): require_once('FCPATH/index.php')
CRITICAL - 2022-09-20 19:15:10 --> strpos(): Argument #1 ($haystack) must be of type string, stdClass given
in VENDORPATH/fpdf/fpdf/src/Fpdf/Fpdf.php on line 1214.
 1 VENDORPATH/fpdf/fpdf/src/Fpdf/Fpdf.php(1214): strpos()
 2 VENDORPATH/fpdf/fpdf/src/Fpdf/Fpdf.php(636): Fpdf\Fpdf->_escape()
 3 APPPATH/Controllers/Admin/Penilaian.php(212): Fpdf\Fpdf->Cell()
 4 SYSTEMPATH/CodeIgniter.php(896): App\Controllers\Admin\Penilaian->report()
 5 SYSTEMPATH/CodeIgniter.php(466): CodeIgniter\CodeIgniter->runController()
 6 SYSTEMPATH/CodeIgniter.php(349): CodeIgniter\CodeIgniter->handleRequest()
 7 FCPATH/index.php(55): CodeIgniter\CodeIgniter->run()
 8 SYSTEMPATH/Commands/Server/rewrite.php(43): require_once('FCPATH/index.php')
CRITICAL - 2022-09-20 19:15:24 --> Attempt to read property "responden" on null
in APPPATH/Controllers/Admin/Penilaian.php on line 212.
 1 APPPATH/Controllers/Admin/Penilaian.php(212): CodeIgniter\Debug\Exceptions->errorHandler()
 2 SYSTEMPATH/CodeIgniter.php(896): App\Controllers\Admin\Penilaian->report()
 3 SYSTEMPATH/CodeIgniter.php(466): CodeIgniter\CodeIgniter->runController()
 4 SYSTEMPATH/CodeIgniter.php(349): CodeIgniter\CodeIgniter->handleRequest()
 5 FCPATH/index.php(55): CodeIgniter\CodeIgniter->run()
 6 SYSTEMPATH/Commands/Server/rewrite.php(43): require_once('FCPATH/index.php')
CRITICAL - 2022-09-20 19:15:26 --> Attempt to read property "responden" on null
in APPPATH/Controllers/Admin/Penilaian.php on line 212.
 1 APPPATH/Controllers/Admin/Penilaian.php(212): CodeIgniter\Debug\Exceptions->errorHandler()
 2 SYSTEMPATH/CodeIgniter.php(896): App\Controllers\Admin\Penilaian->report()
 3 SYSTEMPATH/CodeIgniter.php(466): CodeIgniter\CodeIgniter->runController()
 4 SYSTEMPATH/CodeIgniter.php(349): CodeIgniter\CodeIgniter->handleRequest()
 5 FCPATH/index.php(55): CodeIgniter\CodeIgniter->run()
 6 SYSTEMPATH/Commands/Server/rewrite.php(43): require_once('FCPATH/index.php')
CRITICAL - 2022-09-20 19:15:46 --> Attempt to read property "responden" on null
in APPPATH/Controllers/Admin/Penilaian.php on line 212.
 1 APPPATH/Controllers/Admin/Penilaian.php(212): CodeIgniter\Debug\Exceptions->errorHandler()
 2 SYSTEMPATH/CodeIgniter.php(896): App\Controllers\Admin\Penilaian->report()
 3 SYSTEMPATH/CodeIgniter.php(466): CodeIgniter\CodeIgniter->runController()
 4 SYSTEMPATH/CodeIgniter.php(349): CodeIgniter\CodeIgniter->handleRequest()
 5 FCPATH/index.php(55): CodeIgniter\CodeIgniter->run()
 6 SYSTEMPATH/Commands/Server/rewrite.php(43): require_once('FCPATH/index.php')
CRITICAL - 2022-09-20 19:16:11 --> Object of class stdClass could not be converted to string
in APPPATH/Controllers/Admin/Penilaian.php on line 212.
 1 SYSTEMPATH/CodeIgniter.php(896): App\Controllers\Admin\Penilaian->report()
 2 SYSTEMPATH/CodeIgniter.php(466): CodeIgniter\CodeIgniter->runController()
 3 SYSTEMPATH/CodeIgniter.php(349): CodeIgniter\CodeIgniter->handleRequest()
 4 FCPATH/index.php(55): CodeIgniter\CodeIgniter->run()
 5 SYSTEMPATH/Commands/Server/rewrite.php(43): require_once('FCPATH/index.php')
CRITICAL - 2022-09-20 19:16:25 --> Attempt to read property "responden" on null
in APPPATH/Controllers/Admin/Penilaian.php on line 212.
 1 APPPATH/Controllers/Admin/Penilaian.php(212): CodeIgniter\Debug\Exceptions->errorHandler()
 2 SYSTEMPATH/CodeIgniter.php(896): App\Controllers\Admin\Penilaian->report()
 3 SYSTEMPATH/CodeIgniter.php(466): CodeIgniter\CodeIgniter->runController()
 4 SYSTEMPATH/CodeIgniter.php(349): CodeIgniter\CodeIgniter->handleRequest()
 5 FCPATH/index.php(55): CodeIgniter\CodeIgniter->run()
 6 SYSTEMPATH/Commands/Server/rewrite.php(43): require_once('FCPATH/index.php')
CRITICAL - 2022-09-20 19:16:45 --> Attempt to read property "responden" on null
in APPPATH/Controllers/Admin/Penilaian.php on line 213.
 1 APPPATH/Controllers/Admin/Penilaian.php(213): CodeIgniter\Debug\Exceptions->errorHandler()
 2 SYSTEMPATH/CodeIgniter.php(896): App\Controllers\Admin\Penilaian->report()
 3 SYSTEMPATH/CodeIgniter.php(466): CodeIgniter\CodeIgniter->runController()
 4 SYSTEMPATH/CodeIgniter.php(349): CodeIgniter\CodeIgniter->handleRequest()
 5 FCPATH/index.php(55): CodeIgniter\CodeIgniter->run()
 6 SYSTEMPATH/Commands/Server/rewrite.php(43): require_once('FCPATH/index.php')
CRITICAL - 2022-09-20 19:17:18 --> Attempt to read property "responden" on null
in APPPATH/Controllers/Admin/Penilaian.php on line 213.
 1 APPPATH/Controllers/Admin/Penilaian.php(213): CodeIgniter\Debug\Exceptions->errorHandler()
 2 SYSTEMPATH/CodeIgniter.php(896): App\Controllers\Admin\Penilaian->report()
 3 SYSTEMPATH/CodeIgniter.php(466): CodeIgniter\CodeIgniter->runController()
 4 SYSTEMPATH/CodeIgniter.php(349): CodeIgniter\CodeIgniter->handleRequest()
 5 FCPATH/index.php(55): CodeIgniter\CodeIgniter->run()
 6 SYSTEMPATH/Commands/Server/rewrite.php(43): require_once('FCPATH/index.php')
CRITICAL - 2022-09-20 19:19:21 --> number_format(): Passing null to parameter #1 ($num) of type float is deprecated
in APPPATH/Controllers/Admin/Penilaian.php on line 214.
 1 [internal function]: CodeIgniter\Debug\Exceptions->errorHandler()
 2 APPPATH/Controllers/Admin/Penilaian.php(214): number_format()
 3 SYSTEMPATH/CodeIgniter.php(896): App\Controllers\Admin\Penilaian->report()
 4 SYSTEMPATH/CodeIgniter.php(466): CodeIgniter\CodeIgniter->runController()
 5 SYSTEMPATH/CodeIgniter.php(349): CodeIgniter\CodeIgniter->handleRequest()
 6 FCPATH/index.php(55): CodeIgniter\CodeIgniter->run()
 7 SYSTEMPATH/Commands/Server/rewrite.php(43): require_once('FCPATH/index.php')
