ERROR - 2022-09-16 03:16:58 --> Unknown column 'kode_matkul' in 'field list'
CRITICAL - 2022-09-16 03:16:58 --> Unknown column 'kode_matkul' in 'field list'
in SYSTEMPATH/Database/MySQLi/Connection.php on line 292.
 1 SYSTEMPATH/Database/MySQLi/Connection.php(292): mysqli->query()
 2 SYSTEMPATH/Database/BaseConnection.php(695): CodeIgniter\Database\MySQLi\Connection->execute()
 3 SYSTEMPATH/Database/BaseConnection.php(609): CodeIgniter\Database\BaseConnection->simpleQuery()
 4 SYSTEMPATH/Database/BaseBuilder.php(1585): CodeIgniter\Database\BaseConnection->query()
 5 APPPATH/Controllers/Admin/Penilaian.php(27): CodeIgniter\Database\BaseBuilder->get()
 6 SYSTEMPATH/CodeIgniter.php(896): App\Controllers\Admin\Penilaian->detail()
 7 SYSTEMPATH/CodeIgniter.php(466): CodeIgniter\CodeIgniter->runController()
 8 SYSTEMPATH/CodeIgniter.php(349): CodeIgniter\CodeIgniter->handleRequest()
 9 FCPATH/index.php(55): CodeIgniter\CodeIgniter->run()
10 SYSTEMPATH/Commands/Server/rewrite.php(43): require_once('FCPATH/index.php')
CRITICAL - 2022-09-16 03:31:06 --> require_once(/var/www/html/pandawa/app/Controllers/Admin/bootstrap.php): Failed to open stream: No such file or directory
in APPPATH/Controllers/Admin/Penilaian.php on line 1002.
 1 APPPATH/Controllers/Admin/Penilaian.php(1002): CodeIgniter\Debug\Exceptions->errorHandler()
 2 APPPATH/Controllers/Admin/Penilaian.php(1002): require_once()
 3 SYSTEMPATH/CodeIgniter.php(896): App\Controllers\Admin\Penilaian->report()
 4 SYSTEMPATH/CodeIgniter.php(466): CodeIgniter\CodeIgniter->runController()
 5 SYSTEMPATH/CodeIgniter.php(349): CodeIgniter\CodeIgniter->handleRequest()
 6 FCPATH/index.php(55): CodeIgniter\CodeIgniter->run()
 7 SYSTEMPATH/Commands/Server/rewrite.php(43): require_once('FCPATH/index.php')
CRITICAL - 2022-09-16 03:31:08 --> require_once(/var/www/html/pandawa/app/Controllers/Admin/bootstrap.php): Failed to open stream: No such file or directory
in APPPATH/Controllers/Admin/Penilaian.php on line 1002.
 1 APPPATH/Controllers/Admin/Penilaian.php(1002): CodeIgniter\Debug\Exceptions->errorHandler()
 2 APPPATH/Controllers/Admin/Penilaian.php(1002): require_once()
 3 SYSTEMPATH/CodeIgniter.php(896): App\Controllers\Admin\Penilaian->report()
 4 SYSTEMPATH/CodeIgniter.php(466): CodeIgniter\CodeIgniter->runController()
 5 SYSTEMPATH/CodeIgniter.php(349): CodeIgniter\CodeIgniter->handleRequest()
 6 FCPATH/index.php(55): CodeIgniter\CodeIgniter->run()
 7 SYSTEMPATH/Commands/Server/rewrite.php(43): require_once('FCPATH/index.php')
CRITICAL - 2022-09-16 03:31:10 --> require_once(/var/www/html/pandawa/app/Controllers/Admin/bootstrap.php): Failed to open stream: No such file or directory
in APPPATH/Controllers/Admin/Penilaian.php on line 1002.
 1 APPPATH/Controllers/Admin/Penilaian.php(1002): CodeIgniter\Debug\Exceptions->errorHandler()
 2 APPPATH/Controllers/Admin/Penilaian.php(1002): require_once()
 3 SYSTEMPATH/CodeIgniter.php(896): App\Controllers\Admin\Penilaian->report()
 4 SYSTEMPATH/CodeIgniter.php(466): CodeIgniter\CodeIgniter->runController()
 5 SYSTEMPATH/CodeIgniter.php(349): CodeIgniter\CodeIgniter->handleRequest()
 6 FCPATH/index.php(55): CodeIgniter\CodeIgniter->run()
 7 SYSTEMPATH/Commands/Server/rewrite.php(43): require_once('FCPATH/index.php')
CRITICAL - 2022-09-16 03:31:16 --> require_once(/var/www/html/pandawa/app/Controllers/Admin/bootstrap.php): Failed to open stream: No such file or directory
in APPPATH/Controllers/Admin/Penilaian.php on line 1002.
 1 APPPATH/Controllers/Admin/Penilaian.php(1002): CodeIgniter\Debug\Exceptions->errorHandler()
 2 APPPATH/Controllers/Admin/Penilaian.php(1002): require_once()
 3 SYSTEMPATH/CodeIgniter.php(896): App\Controllers\Admin\Penilaian->report()
 4 SYSTEMPATH/CodeIgniter.php(466): CodeIgniter\CodeIgniter->runController()
 5 SYSTEMPATH/CodeIgniter.php(349): CodeIgniter\CodeIgniter->handleRequest()
 6 FCPATH/index.php(55): CodeIgniter\CodeIgniter->run()
 7 SYSTEMPATH/Commands/Server/rewrite.php(43): require_once('FCPATH/index.php')
CRITICAL - 2022-09-16 03:31:18 --> require_once(/var/www/html/pandawa/app/Controllers/Admin/bootstrap.php): Failed to open stream: No such file or directory
in APPPATH/Controllers/Admin/Penilaian.php on line 1002.
 1 APPPATH/Controllers/Admin/Penilaian.php(1002): CodeIgniter\Debug\Exceptions->errorHandler()
 2 APPPATH/Controllers/Admin/Penilaian.php(1002): require_once()
 3 SYSTEMPATH/CodeIgniter.php(896): App\Controllers\Admin\Penilaian->report()
 4 SYSTEMPATH/CodeIgniter.php(466): CodeIgniter\CodeIgniter->runController()
 5 SYSTEMPATH/CodeIgniter.php(349): CodeIgniter\CodeIgniter->handleRequest()
 6 FCPATH/index.php(55): CodeIgniter\CodeIgniter->run()
 7 SYSTEMPATH/Commands/Server/rewrite.php(43): require_once('FCPATH/index.php')
CRITICAL - 2022-09-16 03:31:39 --> require_once(/var/www/html/pandawa/app/Controllers/Admin/bootstrap.php): Failed to open stream: No such file or directory
in APPPATH/Controllers/Admin/Penilaian.php on line 1002.
 1 APPPATH/Controllers/Admin/Penilaian.php(1002): CodeIgniter\Debug\Exceptions->errorHandler()
 2 APPPATH/Controllers/Admin/Penilaian.php(1002): require_once()
 3 SYSTEMPATH/CodeIgniter.php(896): App\Controllers\Admin\Penilaian->report()
 4 SYSTEMPATH/CodeIgniter.php(466): CodeIgniter\CodeIgniter->runController()
 5 SYSTEMPATH/CodeIgniter.php(349): CodeIgniter\CodeIgniter->handleRequest()
 6 FCPATH/index.php(55): CodeIgniter\CodeIgniter->run()
 7 SYSTEMPATH/Commands/Server/rewrite.php(43): require_once('FCPATH/index.php')
CRITICAL - 2022-09-16 03:31:43 --> require_once(/var/www/html/pandawa/app/Controllers/Admin/bootstrap.php): Failed to open stream: No such file or directory
in APPPATH/Controllers/Admin/Penilaian.php on line 1002.
 1 APPPATH/Controllers/Admin/Penilaian.php(1002): CodeIgniter\Debug\Exceptions->errorHandler()
 2 APPPATH/Controllers/Admin/Penilaian.php(1002): require_once()
 3 SYSTEMPATH/CodeIgniter.php(896): App\Controllers\Admin\Penilaian->report()
 4 SYSTEMPATH/CodeIgniter.php(466): CodeIgniter\CodeIgniter->runController()
 5 SYSTEMPATH/CodeIgniter.php(349): CodeIgniter\CodeIgniter->handleRequest()
 6 FCPATH/index.php(55): CodeIgniter\CodeIgniter->run()
 7 SYSTEMPATH/Commands/Server/rewrite.php(43): require_once('FCPATH/index.php')
CRITICAL - 2022-09-16 03:31:54 --> require_once(/var/www/html/pandawa/app/Controllers/Admin/bootstrap.php): Failed to open stream: No such file or directory
in APPPATH/Controllers/Admin/Penilaian.php on line 1002.
 1 APPPATH/Controllers/Admin/Penilaian.php(1002): CodeIgniter\Debug\Exceptions->errorHandler()
 2 APPPATH/Controllers/Admin/Penilaian.php(1002): require_once()
 3 SYSTEMPATH/CodeIgniter.php(896): App\Controllers\Admin\Penilaian->report()
 4 SYSTEMPATH/CodeIgniter.php(466): CodeIgniter\CodeIgniter->runController()
 5 SYSTEMPATH/CodeIgniter.php(349): CodeIgniter\CodeIgniter->handleRequest()
 6 FCPATH/index.php(55): CodeIgniter\CodeIgniter->run()
 7 SYSTEMPATH/Commands/Server/rewrite.php(43): require_once('FCPATH/index.php')
CRITICAL - 2022-09-16 03:39:45 --> Undefined variable $pdf
in APPPATH/Controllers/Admin/Penilaian.php on line 1031.
 1 APPPATH/Controllers/Admin/Penilaian.php(1031): CodeIgniter\Debug\Exceptions->errorHandler()
 2 SYSTEMPATH/CodeIgniter.php(896): App\Controllers\Admin\Penilaian->report()
 3 SYSTEMPATH/CodeIgniter.php(466): CodeIgniter\CodeIgniter->runController()
 4 SYSTEMPATH/CodeIgniter.php(349): CodeIgniter\CodeIgniter->handleRequest()
 5 FCPATH/index.php(55): CodeIgniter\CodeIgniter->run()
 6 SYSTEMPATH/Commands/Server/rewrite.php(43): require_once('FCPATH/index.php')
CRITICAL - 2022-09-16 03:39:48 --> Undefined variable $pdf
in APPPATH/Controllers/Admin/Penilaian.php on line 1031.
 1 APPPATH/Controllers/Admin/Penilaian.php(1031): CodeIgniter\Debug\Exceptions->errorHandler()
 2 SYSTEMPATH/CodeIgniter.php(896): App\Controllers\Admin\Penilaian->report()
 3 SYSTEMPATH/CodeIgniter.php(466): CodeIgniter\CodeIgniter->runController()
 4 SYSTEMPATH/CodeIgniter.php(349): CodeIgniter\CodeIgniter->handleRequest()
 5 FCPATH/index.php(55): CodeIgniter\CodeIgniter->run()
 6 SYSTEMPATH/Commands/Server/rewrite.php(43): require_once('FCPATH/index.php')
CRITICAL - 2022-09-16 03:39:55 --> Undefined variable $pdf
in APPPATH/Controllers/Admin/Penilaian.php on line 1031.
 1 APPPATH/Controllers/Admin/Penilaian.php(1031): CodeIgniter\Debug\Exceptions->errorHandler()
 2 SYSTEMPATH/CodeIgniter.php(896): App\Controllers\Admin\Penilaian->report()
 3 SYSTEMPATH/CodeIgniter.php(466): CodeIgniter\CodeIgniter->runController()
 4 SYSTEMPATH/CodeIgniter.php(349): CodeIgniter\CodeIgniter->handleRequest()
 5 FCPATH/index.php(55): CodeIgniter\CodeIgniter->run()
 6 SYSTEMPATH/Commands/Server/rewrite.php(43): require_once('FCPATH/index.php')
CRITICAL - 2022-09-16 03:39:57 --> Undefined variable $pdf
in APPPATH/Controllers/Admin/Penilaian.php on line 1031.
 1 APPPATH/Controllers/Admin/Penilaian.php(1031): CodeIgniter\Debug\Exceptions->errorHandler()
 2 SYSTEMPATH/CodeIgniter.php(896): App\Controllers\Admin\Penilaian->report()
 3 SYSTEMPATH/CodeIgniter.php(466): CodeIgniter\CodeIgniter->runController()
 4 SYSTEMPATH/CodeIgniter.php(349): CodeIgniter\CodeIgniter->handleRequest()
 5 FCPATH/index.php(55): CodeIgniter\CodeIgniter->run()
 6 SYSTEMPATH/Commands/Server/rewrite.php(43): require_once('FCPATH/index.php')
CRITICAL - 2022-09-16 03:40:27 --> fopen(): Invalid php:// URL specified
in VENDORPATH/mpdf/mpdf/src/Mpdf.php on line 9624.
 1 [internal function]: CodeIgniter\Debug\Exceptions->errorHandler()
 2 VENDORPATH/mpdf/mpdf/src/Mpdf.php(9624): fopen()
 3 APPPATH/Controllers/Admin/Penilaian.php(1031): Mpdf\Mpdf->Output()
 4 SYSTEMPATH/CodeIgniter.php(896): App\Controllers\Admin\Penilaian->report()
 5 SYSTEMPATH/CodeIgniter.php(466): CodeIgniter\CodeIgniter->runController()
 6 SYSTEMPATH/CodeIgniter.php(349): CodeIgniter\CodeIgniter->handleRequest()
 7 FCPATH/index.php(55): CodeIgniter\CodeIgniter->run()
 8 SYSTEMPATH/Commands/Server/rewrite.php(43): require_once('FCPATH/index.php')
CRITICAL - 2022-09-16 03:41:27 --> Call to undefined function App\Controllers\Admin\response()
in APPPATH/Controllers/Admin/Penilaian.php on line 1031.
 1 SYSTEMPATH/CodeIgniter.php(896): App\Controllers\Admin\Penilaian->report()
 2 SYSTEMPATH/CodeIgniter.php(466): CodeIgniter\CodeIgniter->runController()
 3 SYSTEMPATH/CodeIgniter.php(349): CodeIgniter\CodeIgniter->handleRequest()
 4 FCPATH/index.php(55): CodeIgniter\CodeIgniter->run()
 5 SYSTEMPATH/Commands/Server/rewrite.php(43): require_once('FCPATH/index.php')
CRITICAL - 2022-09-16 03:41:29 --> Call to undefined function App\Controllers\Admin\response()
in APPPATH/Controllers/Admin/Penilaian.php on line 1031.
 1 SYSTEMPATH/CodeIgniter.php(896): App\Controllers\Admin\Penilaian->report()
 2 SYSTEMPATH/CodeIgniter.php(466): CodeIgniter\CodeIgniter->runController()
 3 SYSTEMPATH/CodeIgniter.php(349): CodeIgniter\CodeIgniter->handleRequest()
 4 FCPATH/index.php(55): CodeIgniter\CodeIgniter->run()
 5 SYSTEMPATH/Commands/Server/rewrite.php(43): require_once('FCPATH/index.php')
CRITICAL - 2022-09-16 03:41:36 --> Call to undefined function App\Controllers\Admin\response()
in APPPATH/Controllers/Admin/Penilaian.php on line 1031.
 1 SYSTEMPATH/CodeIgniter.php(896): App\Controllers\Admin\Penilaian->report()
 2 SYSTEMPATH/CodeIgniter.php(466): CodeIgniter\CodeIgniter->runController()
 3 SYSTEMPATH/CodeIgniter.php(349): CodeIgniter\CodeIgniter->handleRequest()
 4 FCPATH/index.php(55): CodeIgniter\CodeIgniter->run()
 5 SYSTEMPATH/Commands/Server/rewrite.php(43): require_once('FCPATH/index.php')
CRITICAL - 2022-09-16 04:05:02 --> Undefined variable $html
in APPPATH/Controllers/Admin/Penilaian.php on line 77.
 1 APPPATH/Controllers/Admin/Penilaian.php(77): CodeIgniter\Debug\Exceptions->errorHandler()
 2 SYSTEMPATH/CodeIgniter.php(896): App\Controllers\Admin\Penilaian->report()
 3 SYSTEMPATH/CodeIgniter.php(466): CodeIgniter\CodeIgniter->runController()
 4 SYSTEMPATH/CodeIgniter.php(349): CodeIgniter\CodeIgniter->handleRequest()
 5 FCPATH/index.php(55): CodeIgniter\CodeIgniter->run()
 6 SYSTEMPATH/Commands/Server/rewrite.php(43): require_once('FCPATH/index.php')
CRITICAL - 2022-09-16 04:06:02 --> Undefined variable $html
in APPPATH/Controllers/Admin/Penilaian.php on line 77.
 1 APPPATH/Controllers/Admin/Penilaian.php(77): CodeIgniter\Debug\Exceptions->errorHandler()
 2 SYSTEMPATH/CodeIgniter.php(896): App\Controllers\Admin\Penilaian->report()
 3 SYSTEMPATH/CodeIgniter.php(466): CodeIgniter\CodeIgniter->runController()
 4 SYSTEMPATH/CodeIgniter.php(349): CodeIgniter\CodeIgniter->handleRequest()
 5 FCPATH/index.php(55): CodeIgniter\CodeIgniter->run()
 6 SYSTEMPATH/Commands/Server/rewrite.php(43): require_once('FCPATH/index.php')
CRITICAL - 2022-09-16 04:08:02 --> syntax error, unexpected identifier "Times", expecting ")"
in APPPATH/Controllers/Admin/Penilaian.php on line 71.
 1 SYSTEMPATH/Router/Router.php(499): CodeIgniter\Router\AutoRouter->getRoute()
 2 SYSTEMPATH/Router/Router.php(205): CodeIgniter\Router\Router->autoRoute()
 3 SYSTEMPATH/CodeIgniter.php(771): CodeIgniter\Router\Router->handle()
 4 SYSTEMPATH/CodeIgniter.php(415): CodeIgniter\CodeIgniter->tryToRouteIt()
 5 SYSTEMPATH/CodeIgniter.php(349): CodeIgniter\CodeIgniter->handleRequest()
 6 FCPATH/index.php(55): CodeIgniter\CodeIgniter->run()
 7 SYSTEMPATH/Commands/Server/rewrite.php(43): require_once('FCPATH/index.php')
CRITICAL - 2022-09-16 04:08:02 --> syntax error, unexpected identifier "Times", expecting ")"
in APPPATH/Controllers/Admin/Penilaian.php on line 71.
 1 SYSTEMPATH/Router/Router.php(499): CodeIgniter\Router\AutoRouter->getRoute()
 2 SYSTEMPATH/Router/Router.php(205): CodeIgniter\Router\Router->autoRoute()
 3 SYSTEMPATH/CodeIgniter.php(771): CodeIgniter\Router\Router->handle()
 4 SYSTEMPATH/CodeIgniter.php(415): CodeIgniter\CodeIgniter->tryToRouteIt()
 5 SYSTEMPATH/CodeIgniter.php(349): CodeIgniter\CodeIgniter->handleRequest()
 6 FCPATH/index.php(55): CodeIgniter\CodeIgniter->run()
 7 SYSTEMPATH/Commands/Server/rewrite.php(43): require_once('FCPATH/index.php')
CRITICAL - 2022-09-16 04:08:02 --> syntax error, unexpected identifier "Times", expecting ")"
in APPPATH/Controllers/Admin/Penilaian.php on line 71.
 1 SYSTEMPATH/Router/Router.php(499): CodeIgniter\Router\AutoRouter->getRoute()
 2 SYSTEMPATH/Router/Router.php(205): CodeIgniter\Router\Router->autoRoute()
 3 SYSTEMPATH/CodeIgniter.php(771): CodeIgniter\Router\Router->handle()
 4 SYSTEMPATH/CodeIgniter.php(415): CodeIgniter\CodeIgniter->tryToRouteIt()
 5 SYSTEMPATH/CodeIgniter.php(349): CodeIgniter\CodeIgniter->handleRequest()
 6 FCPATH/index.php(55): CodeIgniter\CodeIgniter->run()
 7 SYSTEMPATH/Commands/Server/rewrite.php(43): require_once('FCPATH/index.php')
CRITICAL - 2022-09-16 04:08:02 --> syntax error, unexpected identifier "Times", expecting ")"
in APPPATH/Controllers/Admin/Penilaian.php on line 71.
 1 SYSTEMPATH/Router/Router.php(499): CodeIgniter\Router\AutoRouter->getRoute()
 2 SYSTEMPATH/Router/Router.php(205): CodeIgniter\Router\Router->autoRoute()
 3 SYSTEMPATH/CodeIgniter.php(771): CodeIgniter\Router\Router->handle()
 4 SYSTEMPATH/CodeIgniter.php(415): CodeIgniter\CodeIgniter->tryToRouteIt()
 5 SYSTEMPATH/CodeIgniter.php(349): CodeIgniter\CodeIgniter->handleRequest()
 6 FCPATH/index.php(55): CodeIgniter\CodeIgniter->run()
 7 SYSTEMPATH/Commands/Server/rewrite.php(43): require_once('FCPATH/index.php')
CRITICAL - 2022-09-16 04:12:17 --> Could not find image file (http://localhost:8080/assets/img/logounsiq.jpg)
in VENDORPATH/mpdf/mpdf/src/Image/ImageProcessor.php on line 589.
 1 VENDORPATH/mpdf/mpdf/src/Image/ImageProcessor.php(211): Mpdf\Image\ImageProcessor->imageError()
 2 VENDORPATH/mpdf/mpdf/src/Tag/Img.php(276): Mpdf\Image\ImageProcessor->getImage()
 3 VENDORPATH/mpdf/mpdf/src/Tag.php(240): Mpdf\Tag\Img->open()
 4 VENDORPATH/mpdf/mpdf/src/Mpdf.php(13875): Mpdf\Tag->OpenTag()
 5 APPPATH/Controllers/Admin/Penilaian.php(69): Mpdf\Mpdf->WriteHTML()
 6 SYSTEMPATH/CodeIgniter.php(896): App\Controllers\Admin\Penilaian->report()
 7 SYSTEMPATH/CodeIgniter.php(466): CodeIgniter\CodeIgniter->runController()
 8 SYSTEMPATH/CodeIgniter.php(349): CodeIgniter\CodeIgniter->handleRequest()
 9 FCPATH/index.php(55): CodeIgniter\CodeIgniter->run()
10 SYSTEMPATH/Commands/Server/rewrite.php(43): require_once('FCPATH/index.php')
CRITICAL - 2022-09-16 04:13:18 --> Could not find image file (http://localhost:8080/assets/img/logounsiq.jpg)
in VENDORPATH/mpdf/mpdf/src/Image/ImageProcessor.php on line 589.
 1 VENDORPATH/mpdf/mpdf/src/Image/ImageProcessor.php(211): Mpdf\Image\ImageProcessor->imageError()
 2 VENDORPATH/mpdf/mpdf/src/Tag/Img.php(276): Mpdf\Image\ImageProcessor->getImage()
 3 VENDORPATH/mpdf/mpdf/src/Tag.php(240): Mpdf\Tag\Img->open()
 4 VENDORPATH/mpdf/mpdf/src/Mpdf.php(13875): Mpdf\Tag->OpenTag()
 5 APPPATH/Controllers/Admin/Penilaian.php(69): Mpdf\Mpdf->WriteHTML()
 6 SYSTEMPATH/CodeIgniter.php(896): App\Controllers\Admin\Penilaian->report()
 7 SYSTEMPATH/CodeIgniter.php(466): CodeIgniter\CodeIgniter->runController()
 8 SYSTEMPATH/CodeIgniter.php(349): CodeIgniter\CodeIgniter->handleRequest()
 9 FCPATH/index.php(55): CodeIgniter\CodeIgniter->run()
10 SYSTEMPATH/Commands/Server/rewrite.php(43): require_once('FCPATH/index.php')
CRITICAL - 2022-09-16 04:14:19 --> Could not find image file (http://localhost:8080/assets/img/logounsiq.jpg)
in VENDORPATH/mpdf/mpdf/src/Image/ImageProcessor.php on line 589.
 1 VENDORPATH/mpdf/mpdf/src/Image/ImageProcessor.php(211): Mpdf\Image\ImageProcessor->imageError()
 2 VENDORPATH/mpdf/mpdf/src/Tag/Img.php(276): Mpdf\Image\ImageProcessor->getImage()
 3 VENDORPATH/mpdf/mpdf/src/Tag.php(240): Mpdf\Tag\Img->open()
 4 VENDORPATH/mpdf/mpdf/src/Mpdf.php(13875): Mpdf\Tag->OpenTag()
 5 APPPATH/Controllers/Admin/Penilaian.php(69): Mpdf\Mpdf->WriteHTML()
 6 SYSTEMPATH/CodeIgniter.php(896): App\Controllers\Admin\Penilaian->report()
 7 SYSTEMPATH/CodeIgniter.php(466): CodeIgniter\CodeIgniter->runController()
 8 SYSTEMPATH/CodeIgniter.php(349): CodeIgniter\CodeIgniter->handleRequest()
 9 FCPATH/index.php(55): CodeIgniter\CodeIgniter->run()
10 SYSTEMPATH/Commands/Server/rewrite.php(43): require_once('FCPATH/index.php')
CRITICAL - 2022-09-16 04:15:20 --> Could not find image file (http://localhost:8080/assets/img/logounsiq.jpg)
in VENDORPATH/mpdf/mpdf/src/Image/ImageProcessor.php on line 589.
 1 VENDORPATH/mpdf/mpdf/src/Image/ImageProcessor.php(211): Mpdf\Image\ImageProcessor->imageError()
 2 VENDORPATH/mpdf/mpdf/src/Tag/Img.php(276): Mpdf\Image\ImageProcessor->getImage()
 3 VENDORPATH/mpdf/mpdf/src/Tag.php(240): Mpdf\Tag\Img->open()
 4 VENDORPATH/mpdf/mpdf/src/Mpdf.php(13875): Mpdf\Tag->OpenTag()
 5 APPPATH/Controllers/Admin/Penilaian.php(69): Mpdf\Mpdf->WriteHTML()
 6 SYSTEMPATH/CodeIgniter.php(896): App\Controllers\Admin\Penilaian->report()
 7 SYSTEMPATH/CodeIgniter.php(466): CodeIgniter\CodeIgniter->runController()
 8 SYSTEMPATH/CodeIgniter.php(349): CodeIgniter\CodeIgniter->handleRequest()
 9 FCPATH/index.php(55): CodeIgniter\CodeIgniter->run()
10 SYSTEMPATH/Commands/Server/rewrite.php(43): require_once('FCPATH/index.php')
CRITICAL - 2022-09-16 04:16:25 --> Could not find image file (http://localhost:8080/assets/img/logounsiq.jpg)
in VENDORPATH/mpdf/mpdf/src/Image/ImageProcessor.php on line 589.
 1 VENDORPATH/mpdf/mpdf/src/Image/ImageProcessor.php(211): Mpdf\Image\ImageProcessor->imageError()
 2 VENDORPATH/mpdf/mpdf/src/Tag/Img.php(276): Mpdf\Image\ImageProcessor->getImage()
 3 VENDORPATH/mpdf/mpdf/src/Tag.php(240): Mpdf\Tag\Img->open()
 4 VENDORPATH/mpdf/mpdf/src/Mpdf.php(13875): Mpdf\Tag->OpenTag()
 5 APPPATH/Controllers/Admin/Penilaian.php(69): Mpdf\Mpdf->WriteHTML()
 6 SYSTEMPATH/CodeIgniter.php(896): App\Controllers\Admin\Penilaian->report()
 7 SYSTEMPATH/CodeIgniter.php(466): CodeIgniter\CodeIgniter->runController()
 8 SYSTEMPATH/CodeIgniter.php(349): CodeIgniter\CodeIgniter->handleRequest()
 9 FCPATH/index.php(55): CodeIgniter\CodeIgniter->run()
10 SYSTEMPATH/Commands/Server/rewrite.php(43): require_once('FCPATH/index.php')
CRITICAL - 2022-09-16 04:17:52 --> Could not find image file (http://localhost:8080/assets/img/logounsiq.jpg)
in VENDORPATH/mpdf/mpdf/src/Image/ImageProcessor.php on line 589.
 1 VENDORPATH/mpdf/mpdf/src/Image/ImageProcessor.php(211): Mpdf\Image\ImageProcessor->imageError()
 2 VENDORPATH/mpdf/mpdf/src/Tag/Img.php(276): Mpdf\Image\ImageProcessor->getImage()
 3 VENDORPATH/mpdf/mpdf/src/Tag.php(240): Mpdf\Tag\Img->open()
 4 VENDORPATH/mpdf/mpdf/src/Mpdf.php(13875): Mpdf\Tag->OpenTag()
 5 APPPATH/Controllers/Admin/Penilaian.php(69): Mpdf\Mpdf->WriteHTML()
 6 SYSTEMPATH/CodeIgniter.php(896): App\Controllers\Admin\Penilaian->report()
 7 SYSTEMPATH/CodeIgniter.php(466): CodeIgniter\CodeIgniter->runController()
 8 SYSTEMPATH/CodeIgniter.php(349): CodeIgniter\CodeIgniter->handleRequest()
 9 FCPATH/index.php(55): CodeIgniter\CodeIgniter->run()
10 SYSTEMPATH/Commands/Server/rewrite.php(43): require_once('FCPATH/index.php')
CRITICAL - 2022-09-16 04:18:55 --> Could not find image file (http://localhost:8080/assets/img/logounsiq.jpg)
in VENDORPATH/mpdf/mpdf/src/Image/ImageProcessor.php on line 589.
 1 VENDORPATH/mpdf/mpdf/src/Image/ImageProcessor.php(211): Mpdf\Image\ImageProcessor->imageError()
 2 VENDORPATH/mpdf/mpdf/src/Tag/Img.php(276): Mpdf\Image\ImageProcessor->getImage()
 3 VENDORPATH/mpdf/mpdf/src/Tag.php(240): Mpdf\Tag\Img->open()
 4 VENDORPATH/mpdf/mpdf/src/Mpdf.php(13875): Mpdf\Tag->OpenTag()
 5 APPPATH/Controllers/Admin/Penilaian.php(69): Mpdf\Mpdf->WriteHTML()
 6 SYSTEMPATH/CodeIgniter.php(896): App\Controllers\Admin\Penilaian->report()
 7 SYSTEMPATH/CodeIgniter.php(466): CodeIgniter\CodeIgniter->runController()
 8 SYSTEMPATH/CodeIgniter.php(349): CodeIgniter\CodeIgniter->handleRequest()
 9 FCPATH/index.php(55): CodeIgniter\CodeIgniter->run()
10 SYSTEMPATH/Commands/Server/rewrite.php(43): require_once('FCPATH/index.php')
CRITICAL - 2022-09-16 04:19:57 --> Could not find image file (http://localhost:8080/assets/img/logounsiq.jpg)
in VENDORPATH/mpdf/mpdf/src/Image/ImageProcessor.php on line 589.
 1 VENDORPATH/mpdf/mpdf/src/Image/ImageProcessor.php(211): Mpdf\Image\ImageProcessor->imageError()
 2 VENDORPATH/mpdf/mpdf/src/Tag/Img.php(276): Mpdf\Image\ImageProcessor->getImage()
 3 VENDORPATH/mpdf/mpdf/src/Tag.php(240): Mpdf\Tag\Img->open()
 4 VENDORPATH/mpdf/mpdf/src/Mpdf.php(13875): Mpdf\Tag->OpenTag()
 5 APPPATH/Controllers/Admin/Penilaian.php(69): Mpdf\Mpdf->WriteHTML()
 6 SYSTEMPATH/CodeIgniter.php(896): App\Controllers\Admin\Penilaian->report()
 7 SYSTEMPATH/CodeIgniter.php(466): CodeIgniter\CodeIgniter->runController()
 8 SYSTEMPATH/CodeIgniter.php(349): CodeIgniter\CodeIgniter->handleRequest()
 9 FCPATH/index.php(55): CodeIgniter\CodeIgniter->run()
10 SYSTEMPATH/Commands/Server/rewrite.php(43): require_once('FCPATH/index.php')
CRITICAL - 2022-09-16 04:21:27 --> Could not find image file (http://localhost:8080/assets/img/logounsiq.jpg)
in VENDORPATH/mpdf/mpdf/src/Image/ImageProcessor.php on line 589.
 1 VENDORPATH/mpdf/mpdf/src/Image/ImageProcessor.php(211): Mpdf\Image\ImageProcessor->imageError()
 2 VENDORPATH/mpdf/mpdf/src/Tag/Img.php(276): Mpdf\Image\ImageProcessor->getImage()
 3 VENDORPATH/mpdf/mpdf/src/Tag.php(240): Mpdf\Tag\Img->open()
 4 VENDORPATH/mpdf/mpdf/src/Mpdf.php(13875): Mpdf\Tag->OpenTag()
 5 APPPATH/Controllers/Admin/Penilaian.php(69): Mpdf\Mpdf->WriteHTML()
 6 SYSTEMPATH/CodeIgniter.php(896): App\Controllers\Admin\Penilaian->report()
 7 SYSTEMPATH/CodeIgniter.php(466): CodeIgniter\CodeIgniter->runController()
 8 SYSTEMPATH/CodeIgniter.php(349): CodeIgniter\CodeIgniter->handleRequest()
 9 FCPATH/index.php(55): CodeIgniter\CodeIgniter->run()
10 SYSTEMPATH/Commands/Server/rewrite.php(43): require_once('FCPATH/index.php')
CRITICAL - 2022-09-16 05:00:53 --> fopen(/var/www/html/pandawa/writable/session/ci_session1sa78ggms6o58n6ju1qp0v7aljildf8g): Failed to open stream: Permission denied
in SYSTEMPATH/Session/Handlers/FileHandler.php on line 129.
 1 [internal function]: CodeIgniter\Debug\Exceptions->errorHandler()
 2 SYSTEMPATH/Session/Handlers/FileHandler.php(129): fopen()
 3 [internal function]: CodeIgniter\Session\Handlers\FileHandler->read()
 4 SYSTEMPATH/Session/Session.php(896): session_start()
 5 SYSTEMPATH/Session/Session.php(240): CodeIgniter\Session\Session->startSession()
 6 SYSTEMPATH/Config/Services.php(613): CodeIgniter\Session\Session->start()
 7 SYSTEMPATH/Config/BaseService.php(251): CodeIgniter\Config\Services::session()
 8 SYSTEMPATH/Config/BaseService.php(192): CodeIgniter\Config\BaseService::__callStatic()
 9 SYSTEMPATH/Config/Services.php(585): CodeIgniter\Config\BaseService::getSharedInstance()
10 SYSTEMPATH/Config/BaseService.php(251): CodeIgniter\Config\Services::session()
11 APPPATH/Controllers/BaseController.php(50): CodeIgniter\Config\BaseService::__callStatic()
12 SYSTEMPATH/CodeIgniter.php(859): App\Controllers\BaseController->initController()
13 SYSTEMPATH/CodeIgniter.php(457): CodeIgniter\CodeIgniter->createController()
14 SYSTEMPATH/CodeIgniter.php(349): CodeIgniter\CodeIgniter->handleRequest()
15 FCPATH/index.php(55): CodeIgniter\CodeIgniter->run()
16 SYSTEMPATH/Commands/Server/rewrite.php(43): require_once('FCPATH/index.php')
