CRITICAL - 2022-09-10 00:12:48 --> Undefined variable $lists
in APPPATH/Controllers/Admin/Kelas.php on line 56.
 1 APPPATH/Controllers/Admin/Kelas.php(56): CodeIgniter\Debug\Exceptions->errorHandler()
 2 SYSTEMPATH/CodeIgniter.php(896): App\Controllers\Admin\Kelas->getsmsh()
 3 SYSTEMPATH/CodeIgniter.php(466): CodeIgniter\CodeIgniter->runController()
 4 SYSTEMPATH/CodeIgniter.php(349): CodeIgniter\CodeIgniter->handleRequest()
 5 FCPATH/index.php(55): CodeIgniter\CodeIgniter->run()
 6 SYSTEMPATH/Commands/Server/rewrite.php(43): require_once('FCPATH/index.php')
ERROR - 2022-09-10 00:14:10 --> Unknown column 'idprodi' in 'where clause'
CRITICAL - 2022-09-10 00:14:10 --> Unknown column 'idprodi' in 'where clause'
in SYSTEMPATH/Database/MySQLi/Connection.php on line 292.
 1 SYSTEMPATH/Database/MySQLi/Connection.php(292): mysqli->query()
 2 SYSTEMPATH/Database/BaseConnection.php(695): CodeIgniter\Database\MySQLi\Connection->execute()
 3 SYSTEMPATH/Database/BaseConnection.php(609): CodeIgniter\Database\BaseConnection->simpleQuery()
 4 SYSTEMPATH/Database/BaseBuilder.php(1585): CodeIgniter\Database\BaseConnection->query()
 5 APPPATH/Controllers/Admin/Kelas.php(55): CodeIgniter\Database\BaseBuilder->get()
 6 SYSTEMPATH/CodeIgniter.php(896): App\Controllers\Admin\Kelas->getsmsh()
 7 SYSTEMPATH/CodeIgniter.php(466): CodeIgniter\CodeIgniter->runController()
 8 SYSTEMPATH/CodeIgniter.php(349): CodeIgniter\CodeIgniter->handleRequest()
 9 FCPATH/index.php(55): CodeIgniter\CodeIgniter->run()
10 SYSTEMPATH/Commands/Server/rewrite.php(43): require_once('FCPATH/index.php')
CRITICAL - 2022-09-10 00:17:18 --> Undefined variable $data
in APPPATH/Controllers/Admin/Kelas.php on line 77.
 1 APPPATH/Controllers/Admin/Kelas.php(77): CodeIgniter\Debug\Exceptions->errorHandler()
 2 SYSTEMPATH/CodeIgniter.php(896): App\Controllers\Admin\Kelas->getsmsh()
 3 SYSTEMPATH/CodeIgniter.php(466): CodeIgniter\CodeIgniter->runController()
 4 SYSTEMPATH/CodeIgniter.php(349): CodeIgniter\CodeIgniter->handleRequest()
 5 FCPATH/index.php(55): CodeIgniter\CodeIgniter->run()
 6 SYSTEMPATH/Commands/Server/rewrite.php(43): require_once('FCPATH/index.php')
CRITICAL - 2022-09-10 00:17:18 --> Undefined variable $data
in APPPATH/Controllers/Admin/Kelas.php on line 77.
 1 APPPATH/Controllers/Admin/Kelas.php(77): CodeIgniter\Debug\Exceptions->errorHandler()
 2 SYSTEMPATH/CodeIgniter.php(896): App\Controllers\Admin\Kelas->getsmsh()
 3 SYSTEMPATH/CodeIgniter.php(466): CodeIgniter\CodeIgniter->runController()
 4 SYSTEMPATH/CodeIgniter.php(349): CodeIgniter\CodeIgniter->handleRequest()
 5 FCPATH/index.php(55): CodeIgniter\CodeIgniter->run()
 6 SYSTEMPATH/Commands/Server/rewrite.php(43): require_once('FCPATH/index.php')
CRITICAL - 2022-09-10 00:17:44 --> Undefined variable $data
in APPPATH/Controllers/Admin/Kelas.php on line 77.
 1 APPPATH/Controllers/Admin/Kelas.php(77): CodeIgniter\Debug\Exceptions->errorHandler()
 2 SYSTEMPATH/CodeIgniter.php(896): App\Controllers\Admin\Kelas->getsmsh()
 3 SYSTEMPATH/CodeIgniter.php(466): CodeIgniter\CodeIgniter->runController()
 4 SYSTEMPATH/CodeIgniter.php(349): CodeIgniter\CodeIgniter->handleRequest()
 5 FCPATH/index.php(55): CodeIgniter\CodeIgniter->run()
 6 SYSTEMPATH/Commands/Server/rewrite.php(43): require_once('FCPATH/index.php')
CRITICAL - 2022-09-10 00:18:26 --> Undefined variable $data
in APPPATH/Controllers/Admin/Kelas.php on line 77.
 1 APPPATH/Controllers/Admin/Kelas.php(77): CodeIgniter\Debug\Exceptions->errorHandler()
 2 SYSTEMPATH/CodeIgniter.php(896): App\Controllers\Admin\Kelas->getsmsh()
 3 SYSTEMPATH/CodeIgniter.php(466): CodeIgniter\CodeIgniter->runController()
 4 SYSTEMPATH/CodeIgniter.php(349): CodeIgniter\CodeIgniter->handleRequest()
 5 FCPATH/index.php(55): CodeIgniter\CodeIgniter->run()
 6 SYSTEMPATH/Commands/Server/rewrite.php(43): require_once('FCPATH/index.php')
CRITICAL - 2022-09-10 10:53:20 --> fopen(): Invalid php:// URL specified
in VENDORPATH/mpdf/mpdf/src/Mpdf.php on line 9624.
 1 [internal function]: CodeIgniter\Debug\Exceptions->errorHandler()
 2 VENDORPATH/mpdf/mpdf/src/Mpdf.php(9624): fopen()
 3 APPPATH/Controllers/Admin/Penilaian.php(57): Mpdf\Mpdf->Output()
 4 SYSTEMPATH/CodeIgniter.php(896): App\Controllers\Admin\Penilaian->report()
 5 SYSTEMPATH/CodeIgniter.php(466): CodeIgniter\CodeIgniter->runController()
 6 SYSTEMPATH/CodeIgniter.php(349): CodeIgniter\CodeIgniter->handleRequest()
 7 FCPATH/index.php(55): CodeIgniter\CodeIgniter->run()
 8 SYSTEMPATH/Commands/Server/rewrite.php(43): require_once('FCPATH/index.php')
CRITICAL - 2022-09-10 10:53:21 --> fopen(): Invalid php:// URL specified
in VENDORPATH/mpdf/mpdf/src/Mpdf.php on line 9624.
 1 [internal function]: CodeIgniter\Debug\Exceptions->errorHandler()
 2 VENDORPATH/mpdf/mpdf/src/Mpdf.php(9624): fopen()
 3 APPPATH/Controllers/Admin/Penilaian.php(57): Mpdf\Mpdf->Output()
 4 SYSTEMPATH/CodeIgniter.php(896): App\Controllers\Admin\Penilaian->report()
 5 SYSTEMPATH/CodeIgniter.php(466): CodeIgniter\CodeIgniter->runController()
 6 SYSTEMPATH/CodeIgniter.php(349): CodeIgniter\CodeIgniter->handleRequest()
 7 FCPATH/index.php(55): CodeIgniter\CodeIgniter->run()
 8 SYSTEMPATH/Commands/Server/rewrite.php(43): require_once('FCPATH/index.php')
CRITICAL - 2022-09-10 10:53:23 --> fopen(): Invalid php:// URL specified
in VENDORPATH/mpdf/mpdf/src/Mpdf.php on line 9624.
 1 [internal function]: CodeIgniter\Debug\Exceptions->errorHandler()
 2 VENDORPATH/mpdf/mpdf/src/Mpdf.php(9624): fopen()
 3 APPPATH/Controllers/Admin/Penilaian.php(57): Mpdf\Mpdf->Output()
 4 SYSTEMPATH/CodeIgniter.php(896): App\Controllers\Admin\Penilaian->report()
 5 SYSTEMPATH/CodeIgniter.php(466): CodeIgniter\CodeIgniter->runController()
 6 SYSTEMPATH/CodeIgniter.php(349): CodeIgniter\CodeIgniter->handleRequest()
 7 FCPATH/index.php(55): CodeIgniter\CodeIgniter->run()
 8 SYSTEMPATH/Commands/Server/rewrite.php(43): require_once('FCPATH/index.php')
